2015-12-19 17:09:18 trace :
------------
Array:
from : oOhiYjnMWmoluLPSY7ed9Cq8Ykas ;
to : gh_c035d5b82e08 ;
time : 1450516155 ;
type : text ;
event :  ;
tousername : gh_c035d5b82e08 ;
fromusername : oOhiYjnMWmoluLPSY7ed9Cq8Ykas ;
createtime : 1450516155 ;
msgtype : text ;
content : 进口杂粮粕原料：                 
天津港：美国DDGS、巴基斯坦菜粕、进口美粱澳粱、棕榈粕、苜蓿草颗粒、苜蓿草
青岛港：美国DDGS、进口美粱澳粱、法国大麦、乌克兰大麦、棕榈粕、越南木薯渣粉、木薯颗粒
营口港：加拿大双低菜粕
南通港：进口美粱澳粱、法国大麦、乌克兰大麦
日照港：乌克兰大麦
大连港：越南木薯渣粉
诚信联电：夏18322302288
天津国慧国际贸易 ;
msgid : 6229919448445600298 ;
redirection :  ;
source :  ;

2015-12-19 17:09:18 params :
------------
Array:
message : Array ;
module : default ;
rule : -1 ;

2015-12-19 17:09:18 response :
------------
Array:
params : Array ;

2015-12-19 23:41:55 trace :
------------
Array:
from : oOhiYjrLgRmqfvRR1Go9xEtm0nrw ;
to : gh_c035d5b82e08 ;
time : 1450539712 ;
type : event ;
event : CLICK ;
tousername : gh_c035d5b82e08 ;
fromusername : oOhiYjrLgRmqfvRR1Go9xEtm0nrw ;
createtime : 1450539712 ;
msgtype : event ;
eventkey : hqtp ;

2015-12-19 23:41:55 params :
------------
Array:
message : Array ;
module : default ;
rule : -1 ;

2015-12-19 23:41:55 response :
------------
Array:
params : Array ;

2015-12-19 23:41:59 trace :
------------
Array:
from : oOhiYjrLgRmqfvRR1Go9xEtm0nrw ;
to : gh_c035d5b82e08 ;
time : 1450539715 ;
type : event ;
event : VIEW ;
tousername : gh_c035d5b82e08 ;
fromusername : oOhiYjrLgRmqfvRR1Go9xEtm0nrw ;
createtime : 1450539715 ;
msgtype : event ;
eventkey : http://fx.wbok.cn/gift?tercode=279083 ;

2015-12-19 23:41:59 params :
------------
Array:
message : Array ;
module : default ;
rule : -1 ;

2015-12-19 23:41:59 response :
------------
Array:
params : Array ;

2015-12-19 23:42:39 trace :
------------
Array:
from : oOhiYjrLgRmqfvRR1Go9xEtm0nrw ;
to : gh_c035d5b82e08 ;
time : 1450539756 ;
type : event ;
event : VIEW ;
tousername : gh_c035d5b82e08 ;
fromusername : oOhiYjrLgRmqfvRR1Go9xEtm0nrw ;
createtime : 1450539756 ;
msgtype : event ;
eventkey : http://fx.wbok.cn/index/279083?tercode=279083 ;

2015-12-19 23:42:39 params :
------------
Array:
message : Array ;
module : default ;
rule : -1 ;

2015-12-19 23:42:39 response :
------------
Array:
params : Array ;

