2015-12-16 04:11:39 waring :
------------
String:
Request Failed

2015-12-16 04:12:03 waring :
------------
String:
Request Failed

2015-12-16 04:12:04 waring :
------------
String:
Request Failed

2015-12-16 04:12:14 waring :
------------
String:
Request Failed

2015-12-16 04:17:54 waring :
------------
String:
Request Failed

2015-12-16 04:17:57 waring :
------------
String:
Request Failed

2015-12-16 04:18:18 waring :
------------
String:
Request Failed

2015-12-16 04:18:33 waring :
------------
String:
Request Failed

2015-12-16 04:18:40 waring :
------------
String:
Request Failed

2015-12-16 04:18:41 waring :
------------
String:
Request Failed

2015-12-16 04:30:37 trace :
------------
Array:
from : fromUser ;
to : toUser ;
time : 1450211437 ;
type : text ;
event :  ;
tousername : toUser ;
fromusername : fromUser ;
createtime : 1450211437 ;
msgtype : text ;
content : 11111 ;
msgid : 1234567890123456 ;
redirection :  ;
source :  ;

2015-12-16 04:30:37 params :
------------
Array:
rule : -2 ;
module :  ;
message : Array ;

2015-12-16 04:30:37 response :
------------

2015-12-16 04:30:39 trace :
------------
Array:
from : fromUser ;
to : toUser ;
time : 1450211440 ;
type : text ;
event :  ;
tousername : toUser ;
fromusername : fromUser ;
createtime : 1450211440 ;
msgtype : text ;
content : 11111 ;
msgid : 1234567890123456 ;
redirection :  ;
source :  ;

2015-12-16 04:30:39 params :
------------
Array:
rule : -2 ;
module :  ;
message : Array ;

2015-12-16 04:30:39 response :
------------

2015-12-16 04:30:57 trace :
------------
Array:
from : fromUser ;
to : toUser ;
time : 1450211458 ;
type : text ;
event :  ;
tousername : toUser ;
fromusername : fromUser ;
createtime : 1450211458 ;
msgtype : text ;
content : 11111 ;
msgid : 1234567890123456 ;
redirection :  ;
source :  ;

2015-12-16 04:30:57 params :
------------
Array:
rule : -2 ;
module :  ;
message : Array ;

2015-12-16 04:30:57 response :
------------

2015-12-16 04:38:59 waring :
------------
String:
Request Failed

2015-12-16 04:44:46 trace :
------------
Array:
from : fromUser ;
to : toUser ;
time : 1450212287 ;
type : text ;
event :  ;
tousername : toUser ;
fromusername : fromUser ;
createtime : 1450212287 ;
msgtype : text ;
content : 测试内容 ;
msgid : 1234567890123456 ;
redirection :  ;
source :  ;

2015-12-16 04:44:46 params :
------------
Array:
rule : -2 ;
module :  ;
message : Array ;

2015-12-16 04:44:46 response :
------------

2015-12-16 04:44:50 trace :
------------
Array:
from : fromUser ;
to : toUser ;
time : 1450212291 ;
type : text ;
event :  ;
tousername : toUser ;
fromusername : fromUser ;
createtime : 1450212291 ;
msgtype : text ;
content : 测试内容 ;
msgid : 1234567890123456 ;
redirection :  ;
source :  ;

2015-12-16 04:44:50 params :
------------
Array:
rule : -2 ;
module :  ;
message : Array ;

2015-12-16 04:44:50 response :
------------

2015-12-16 04:45:05 trace :
------------
Array:
from : fromUser ;
to : toUser ;
time : 1450212306 ;
type : text ;
event :  ;
tousername : toUser ;
fromusername : fromUser ;
createtime : 1450212306 ;
msgtype : text ;
content : 刘月我爱你 ;
msgid : 1234567890123456 ;
redirection :  ;
source :  ;

2015-12-16 04:45:05 params :
------------
Array:
message : Array ;
module : basic ;
rule : 9 ;
priority : 0 ;
keyword : Array ;

2015-12-16 04:45:05 response :
------------
Array:
FromUserName : toUser ;
ToUserName : fromUser ;
MsgType : text ;
Content : 刘月我爱你 ;

2015-12-16 04:45:17 waring :
------------
String:
Request Failed

2015-12-16 04:45:22 trace :
------------
Array:
from : fromUser ;
to : toUser ;
time : 1450212323 ;
type : event ;
event : CLICK ;
tousername : toUser ;
fromusername : fromUser ;
createtime : 1450212323 ;
msgtype : event ;
eventkey : EVENTKEY ;
msgid : 1234567890123456 ;

2015-12-16 04:45:22 params :
------------
Array:
rule : -2 ;
module :  ;
message : Array ;

2015-12-16 04:45:22 response :
------------

2015-12-16 04:45:27 trace :
------------
Array:
from : fromUser ;
to : toUser ;
time : 1450212327 ;
type : event ;
event : CLICK ;
tousername : toUser ;
fromusername : fromUser ;
createtime : 1450212327 ;
msgtype : event ;
eventkey : EVENTKEY ;
msgid : 1234567890123456 ;

2015-12-16 04:45:27 params :
------------
Array:
rule : -2 ;
module :  ;
message : Array ;

2015-12-16 04:45:27 response :
------------

2015-12-16 04:45:29 trace :
------------
Array:
from : fromUser ;
to : toUser ;
time : 1450212330 ;
type : event ;
event : CLICK ;
tousername : toUser ;
fromusername : fromUser ;
createtime : 1450212330 ;
msgtype : event ;
eventkey : EVENTKEY ;
msgid : 1234567890123456 ;

2015-12-16 04:45:29 params :
------------
Array:
rule : -2 ;
module :  ;
message : Array ;

2015-12-16 04:45:29 response :
------------

2015-12-16 04:45:32 trace :
------------
Array:
from : fromUser ;
to : toUser ;
time : 1450212332 ;
type : event ;
event : CLICK ;
tousername : toUser ;
fromusername : fromUser ;
createtime : 1450212332 ;
msgtype : event ;
eventkey : EVENTKEY ;
msgid : 1234567890123456 ;

2015-12-16 04:45:32 params :
------------
Array:
rule : -2 ;
module :  ;
message : Array ;

2015-12-16 04:45:32 response :
------------

2015-12-16 04:45:56 trace :
------------
Array:
from : fromUser ;
to : toUser ;
time : 1450212357 ;
type : location ;
event :  ;
tousername : toUser ;
fromusername : fromUser ;
createtime : 1450212357 ;
msgtype : location ;
location_x : 23.134521 ;
location_y : 113.358803 ;
scale : 20 ;
label : 位置信息 ;
msgid : 1234567890123456 ;

2015-12-16 04:45:56 params :
------------
Array:
message : Array ;
module : default ;
rule : -1 ;

2015-12-16 04:45:56 response :
------------
Array:
params : Array ;

2015-12-16 04:46:08 trace :
------------
Array:
from : fromUser ;
to : toUser ;
time : 1450212369 ;
type : location ;
event :  ;
tousername : toUser ;
fromusername : fromUser ;
createtime : 1450212369 ;
msgtype : location ;
location_x : 23.134521 ;
location_y : 113.358803 ;
scale : 20 ;
label : 位置信息 ;
msgid : 1234567890123456 ;

2015-12-16 04:46:08 params :
------------
Array:
message : Array ;
module : default ;
rule : -1 ;

2015-12-16 04:46:08 response :
------------
Array:
params : Array ;

2015-12-16 17:08:59 waring :
------------
String:
Request Failed

2015-12-16 17:10:25 waring :
------------
String:
Request Failed

2015-12-16 22:30:48 trace :
------------
Array:
from : fromUser ;
to : toUser ;
time : 1450276248 ;
type : text ;
event :  ;
tousername : toUser ;
fromusername : fromUser ;
createtime : 1450276248 ;
msgtype : text ;
content : 测试内容 ;
msgid : 1234567890123456 ;
redirection :  ;
source :  ;

2015-12-16 22:30:48 params :
------------
Array:
message : Array ;
module : default ;
rule : -1 ;

2015-12-16 22:30:48 response :
------------
Array:
params : Array ;

2015-12-16 22:31:31 trace :
------------
Array:
from : fromUser ;
to : toUser ;
time : 1450276291 ;
type : text ;
event :  ;
tousername : toUser ;
fromusername : fromUser ;
createtime : 1450276291 ;
msgtype : text ;
content : 12 ;
msgid : 1234567890123456 ;
redirection :  ;
source :  ;

2015-12-16 22:31:31 params :
------------
Array:
message : Array ;
module : basic ;
rule : 15 ;
priority : 0 ;
keyword : Array ;

2015-12-16 22:31:31 response :
------------
Array:
FromUserName : toUser ;
ToUserName : fromUser ;
MsgType : text ;
Content : sdfsdfsdfsdfsd ;

2015-12-16 22:32:42 waring :
------------
String:
Request Failed

2015-12-16 22:49:23 waring :
------------
String:
Request Failed

2015-12-16 22:49:28 waring :
------------
String:
Request Failed

2015-12-16 22:49:32 waring :
------------
String:
Request Failed

2015-12-16 22:52:33 trace :
------------
Array:
from : oOhiYjrLgRmqfvRR1Go9xEtm0nrw ;
to : gh_c035d5b82e08 ;
time : 1450277553 ;
type : text ;
event :  ;
tousername : gh_c035d5b82e08 ;
fromusername : oOhiYjrLgRmqfvRR1Go9xEtm0nrw ;
createtime : 1450277553 ;
msgtype : text ;
content : 12 ;
msgid : 6228894660658815291 ;
redirection :  ;
source :  ;

2015-12-16 22:52:33 params :
------------
Array:
message : Array ;
module : basic ;
rule : 15 ;
priority : 0 ;
keyword : Array ;

2015-12-16 22:52:33 response :
------------
Array:
FromUserName : gh_c035d5b82e08 ;
ToUserName : oOhiYjrLgRmqfvRR1Go9xEtm0nrw ;
MsgType : text ;
Content : sdfsdfsdfsdfsd ;

2015-12-16 22:52:34 trace :
------------
Array:
from : oOhiYjihmHYOYNUXVkpUgdNhJI7k ;
to : gh_c035d5b82e08 ;
time : 1450277554 ;
type : text ;
event :  ;
tousername : gh_c035d5b82e08 ;
fromusername : oOhiYjihmHYOYNUXVkpUgdNhJI7k ;
createtime : 1450277554 ;
msgtype : text ;
content : 12 ;
msgid : 6228894664953782589 ;
redirection :  ;
source :  ;

2015-12-16 22:52:34 params :
------------
Array:
message : Array ;
module : basic ;
rule : 15 ;
priority : 0 ;
keyword : Array ;

2015-12-16 22:52:34 response :
------------
Array:
FromUserName : gh_c035d5b82e08 ;
ToUserName : oOhiYjihmHYOYNUXVkpUgdNhJI7k ;
MsgType : text ;
Content : sdfsdfsdfsdfsd ;

2015-12-16 22:52:41 trace :
------------
Array:
from : oOhiYjihmHYOYNUXVkpUgdNhJI7k ;
to : gh_c035d5b82e08 ;
time : 1450277561 ;
type : text ;
event :  ;
tousername : gh_c035d5b82e08 ;
fromusername : oOhiYjihmHYOYNUXVkpUgdNhJI7k ;
createtime : 1450277561 ;
msgtype : text ;
content : 可以了，卧槽 ;
msgid : 6228894695018553664 ;
redirection :  ;
source :  ;

2015-12-16 22:52:41 params :
------------
Array:
message : Array ;
module : default ;
rule : -1 ;

2015-12-16 22:52:41 response :
------------
Array:
params : Array ;

2015-12-16 22:52:50 trace :
------------
Array:
from : oOhiYjihmHYOYNUXVkpUgdNhJI7k ;
to : gh_c035d5b82e08 ;
time : 1450277569 ;
type : text ;
event :  ;
tousername : gh_c035d5b82e08 ;
fromusername : oOhiYjihmHYOYNUXVkpUgdNhJI7k ;
createtime : 1450277569 ;
msgtype : text ;
content : 我爱刘月 ;
msgid : 6228894729378292037 ;
redirection :  ;
source :  ;

2015-12-16 22:52:50 params :
------------
Array:
message : Array ;
module : default ;
rule : -1 ;

2015-12-16 22:52:50 response :
------------
Array:
params : Array ;

2015-12-16 22:53:00 trace :
------------
Array:
from : oOhiYjrLgRmqfvRR1Go9xEtm0nrw ;
to : gh_c035d5b82e08 ;
time : 1450277579 ;
type : text ;
event :  ;
tousername : gh_c035d5b82e08 ;
fromusername : oOhiYjrLgRmqfvRR1Go9xEtm0nrw ;
createtime : 1450277579 ;
msgtype : text ;
content : 12 ;
msgid : 6228894772327965000 ;
redirection :  ;
source :  ;

2015-12-16 22:53:00 params :
------------
Array:
message : Array ;
module : basic ;
rule : 15 ;
priority : 0 ;
keyword : Array ;

2015-12-16 22:53:00 response :
------------
Array:
FromUserName : gh_c035d5b82e08 ;
ToUserName : oOhiYjrLgRmqfvRR1Go9xEtm0nrw ;
MsgType : text ;
Content : sdfsdfsdfsdfsd ;

2015-12-16 22:53:01 trace :
------------
Array:
from : oOhiYjrLgRmqfvRR1Go9xEtm0nrw ;
to : gh_c035d5b82e08 ;
time : 1450277581 ;
type : text ;
event :  ;
tousername : gh_c035d5b82e08 ;
fromusername : oOhiYjrLgRmqfvRR1Go9xEtm0nrw ;
createtime : 1450277581 ;
msgtype : text ;
content : 12 ;
msgid : 6228894780917899594 ;
redirection :  ;
source :  ;

2015-12-16 22:53:01 params :
------------
Array:
message : Array ;
module : basic ;
rule : 15 ;
priority : 0 ;
keyword : Array ;

2015-12-16 22:53:01 response :
------------
Array:
FromUserName : gh_c035d5b82e08 ;
ToUserName : oOhiYjrLgRmqfvRR1Go9xEtm0nrw ;
MsgType : text ;
Content : sdfsdfsdfsdfsd ;

2015-12-16 22:53:04 trace :
------------
Array:
from : oOhiYjrLgRmqfvRR1Go9xEtm0nrw ;
to : gh_c035d5b82e08 ;
time : 1450277583 ;
type : text ;
event :  ;
tousername : gh_c035d5b82e08 ;
fromusername : oOhiYjrLgRmqfvRR1Go9xEtm0nrw ;
createtime : 1450277583 ;
msgtype : text ;
content : 12 ;
msgid : 6228894789507834190 ;
redirection :  ;
source :  ;

2015-12-16 22:53:04 params :
------------
Array:
message : Array ;
module : basic ;
rule : 15 ;
priority : 0 ;
keyword : Array ;

2015-12-16 22:53:04 response :
------------
Array:
FromUserName : gh_c035d5b82e08 ;
ToUserName : oOhiYjrLgRmqfvRR1Go9xEtm0nrw ;
MsgType : text ;
Content : sdfsdfsdfsdfsd ;

2015-12-16 23:06:09 trace :
------------
Array:
from : oOhiYjihmHYOYNUXVkpUgdNhJI7k ;
to : gh_c035d5b82e08 ;
time : 1450278369 ;
type : text ;
event :  ;
tousername : gh_c035d5b82e08 ;
fromusername : oOhiYjihmHYOYNUXVkpUgdNhJI7k ;
createtime : 1450278369 ;
msgtype : text ;
content : 商城 ;
msgid : 6228898165352129029 ;
redirection :  ;
source :  ;

2015-12-16 23:06:09 params :
------------
Array:
message : Array ;
module : cover ;
rule : 17 ;
priority : 0 ;
keyword : Array ;

2015-12-16 23:06:09 response :
------------
Array:
FromUserName : gh_c035d5b82e08 ;
ToUserName : oOhiYjihmHYOYNUXVkpUgdNhJI7k ;
MsgType : news ;
ArticleCount : 1 ;
Articles : Array ;

2015-12-16 23:20:52 trace :
------------
Array:
from : oOhiYjihmHYOYNUXVkpUgdNhJI7k ;
to : gh_c035d5b82e08 ;
time : 1450279252 ;
type : text ;
event :  ;
tousername : gh_c035d5b82e08 ;
fromusername : oOhiYjihmHYOYNUXVkpUgdNhJI7k ;
createtime : 1450279252 ;
msgtype : text ;
content : 北京天气 ;
msgid : 6228901957808251547 ;
redirection :  ;
source :  ;

2015-12-16 23:20:52 params :
------------
Array:
message : Array ;
module : userapi ;
rule : 1 ;
priority : 255 ;
keyword : Array ;

2015-12-16 23:20:52 response :
------------
Array:
FromUserName : gh_c035d5b82e08 ;
ToUserName : oOhiYjihmHYOYNUXVkpUgdNhJI7k ;
MsgType : text ;
Content : 北京今日天气
今天白天晴，2摄氏度。
北风，4-5
今天夜间晴，-7摄氏度。
北风，3-4
==================
【穿衣指数】：棉衣、冬大衣、皮夹克、内着衬衫或羊毛内衣、毛衣、外罩大衣

【感冒指数】：多发期天气较冷，室内外温差较大，较易引起感冒；

【空调指数】：建议开启空调

【污染物扩散条件】：优非常有利于空气污染物扩散

【洗车指数】：非常适宜洗车后至少未来4天内没有降水、大风、沙尘天气，保洁时间长，非常适宜洗车。注意洗车当日气温不能太低以免结冰。

【运动指数】：不适宜天气较冷，多数人不适宜户外运动；

【紫外线指数】：弱紫外线弱

【体感度指数】：干冷外出活动要穿薄棉衣，带上手套，围巾和帽子。
 ;

2015-12-16 23:22:00 trace :
------------
Array:
from : oOhiYjihmHYOYNUXVkpUgdNhJI7k ;
to : gh_c035d5b82e08 ;
time : 1450279319 ;
type : text ;
event :  ;
tousername : gh_c035d5b82e08 ;
fromusername : oOhiYjihmHYOYNUXVkpUgdNhJI7k ;
createtime : 1450279319 ;
msgtype : text ;
content : 郑州天气 ;
msgid : 6228902245571060391 ;
redirection :  ;
source :  ;

2015-12-16 23:22:00 params :
------------
Array:
message : Array ;
module : userapi ;
rule : 1 ;
priority : 255 ;
keyword : Array ;

2015-12-16 23:22:00 response :
------------
Array:
FromUserName : gh_c035d5b82e08 ;
ToUserName : oOhiYjihmHYOYNUXVkpUgdNhJI7k ;
MsgType : text ;
Content : 郑州今日天气
今天白天晴，7摄氏度。
西风，3-4
今天夜间晴，-4摄氏度。
无持续风向，≤3
==================
【穿衣指数】：棉衣、冬大衣、皮夹克、内着衬衫或羊毛内衣、毛衣、外罩大衣

【感冒指数】：易发期天气很凉，季节转换的气候，慎重增加衣服；较易引起感冒；

【空调指数】：建议开启空调

【污染物扩散条件】：中度不利于空气污染物扩散

【洗车指数】：不太适宜洗车后未来1-2天内有降水、大风或沙尘天气，或洗车当日气温太低容易结冰。不太适宜洗车。

【运动指数】：不适宜虽然晴空万里，但是户外运动时会感到很凉；

【紫外线指数】：弱紫外线弱

【体感度指数】：较凉老年、幼儿、体弱者外出需要带上薄围巾、薄手套。
 ;

2015-12-16 23:22:06 trace :
------------
Array:
from : oOhiYjihmHYOYNUXVkpUgdNhJI7k ;
to : gh_c035d5b82e08 ;
time : 1450279325 ;
type : text ;
event :  ;
tousername : gh_c035d5b82e08 ;
fromusername : oOhiYjihmHYOYNUXVkpUgdNhJI7k ;
createtime : 1450279325 ;
msgtype : text ;
content : 百科 ;
msgid : 6228902271340864169 ;
redirection :  ;
source :  ;

2015-12-16 23:22:06 params :
------------
Array:
message : Array ;
module : default ;
rule : -1 ;

2015-12-16 23:22:06 response :
------------
Array:
params : Array ;

2015-12-16 23:23:03 trace :
------------
Array:
from : oOhiYjihmHYOYNUXVkpUgdNhJI7k ;
to : gh_c035d5b82e08 ;
time : 1450279383 ;
type : text ;
event :  ;
tousername : gh_c035d5b82e08 ;
fromusername : oOhiYjihmHYOYNUXVkpUgdNhJI7k ;
createtime : 1450279383 ;
msgtype : text ;
content : 新闻 ;
msgid : 6228902520448967348 ;
redirection :  ;
source :  ;

2015-12-16 23:23:25 params :
------------
Array:
message : Array ;
module : userapi ;
rule : 5 ;
priority : 255 ;
keyword : Array ;

2015-12-16 23:23:25 response :
------------
Array:
FromUserName : gh_c035d5b82e08 ;
ToUserName : oOhiYjihmHYOYNUXVkpUgdNhJI7k ;
MsgType : news ;
ArticleCount : 9 ;
Articles : Array ;

2015-12-16 23:23:25 trace :
------------
Array:
from : oOhiYjihmHYOYNUXVkpUgdNhJI7k ;
to : gh_c035d5b82e08 ;
time : 1450279383 ;
type : text ;
event :  ;
tousername : gh_c035d5b82e08 ;
fromusername : oOhiYjihmHYOYNUXVkpUgdNhJI7k ;
createtime : 1450279383 ;
msgtype : text ;
content : 新闻 ;
msgid : 6228902520448967348 ;
redirection :  ;
source :  ;

2015-12-16 23:23:25 params :
------------
Array:
message : Array ;
module : userapi ;
rule : 5 ;
priority : 255 ;
keyword : Array ;

2015-12-16 23:23:25 response :
------------
Array:
FromUserName : gh_c035d5b82e08 ;
ToUserName : oOhiYjihmHYOYNUXVkpUgdNhJI7k ;
MsgType : news ;
ArticleCount : 9 ;
Articles : Array ;

2015-12-16 23:23:25 trace :
------------
Array:
from : oOhiYjihmHYOYNUXVkpUgdNhJI7k ;
to : gh_c035d5b82e08 ;
time : 1450279383 ;
type : text ;
event :  ;
tousername : gh_c035d5b82e08 ;
fromusername : oOhiYjihmHYOYNUXVkpUgdNhJI7k ;
createtime : 1450279383 ;
msgtype : text ;
content : 新闻 ;
msgid : 6228902520448967348 ;
redirection :  ;
source :  ;

2015-12-16 23:24:01 trace :
------------
Array:
from : oOhiYjihmHYOYNUXVkpUgdNhJI7k ;
to : gh_c035d5b82e08 ;
time : 1450279441 ;
type : text ;
event :  ;
tousername : gh_c035d5b82e08 ;
fromusername : oOhiYjihmHYOYNUXVkpUgdNhJI7k ;
createtime : 1450279441 ;
msgtype : text ;
content : 看新闻 ;
msgid : 6228902769557070525 ;
redirection :  ;
source :  ;

2015-12-16 23:24:01 params :
------------
Array:
message : Array ;
module : default ;
rule : -1 ;

2015-12-16 23:24:01 response :
------------
Array:
params : Array ;

2015-12-16 23:24:08 trace :
------------
Array:
from : oOhiYjihmHYOYNUXVkpUgdNhJI7k ;
to : gh_c035d5b82e08 ;
time : 1450279448 ;
type : text ;
event :  ;
tousername : gh_c035d5b82e08 ;
fromusername : oOhiYjihmHYOYNUXVkpUgdNhJI7k ;
createtime : 1450279448 ;
msgtype : text ;
content : 北京天气 ;
msgid : 6228902799621841601 ;
redirection :  ;
source :  ;

2015-12-16 23:24:08 params :
------------
Array:
message : Array ;
module : userapi ;
rule : 1 ;
priority : 255 ;
keyword : Array ;

2015-12-16 23:24:08 response :
------------
Array:
FromUserName : gh_c035d5b82e08 ;
ToUserName : oOhiYjihmHYOYNUXVkpUgdNhJI7k ;
MsgType : text ;
Content : 北京今日天气
今天白天晴，2摄氏度。
北风，4-5
今天夜间晴，-7摄氏度。
北风，3-4
==================
【穿衣指数】：棉衣、冬大衣、皮夹克、内着衬衫或羊毛内衣、毛衣、外罩大衣

【感冒指数】：多发期天气较冷，室内外温差较大，较易引起感冒；

【空调指数】：建议开启空调

【污染物扩散条件】：优非常有利于空气污染物扩散

【洗车指数】：非常适宜洗车后至少未来4天内没有降水、大风、沙尘天气，保洁时间长，非常适宜洗车。注意洗车当日气温不能太低以免结冰。

【运动指数】：不适宜天气较冷，多数人不适宜户外运动；

【紫外线指数】：弱紫外线弱

【体感度指数】：干冷外出活动要穿薄棉衣，带上手套，围巾和帽子。
 ;

