2016-01-12 06:41:38 trace :
------------
Array:
from : oOhiYjmz8h5pMX2jccpTJ3Io0BLs ;
to : gh_c035d5b82e08 ;
time : 1452552191 ;
type : event ;
event : VIEW ;
tousername : gh_c035d5b82e08 ;
fromusername : oOhiYjmz8h5pMX2jccpTJ3Io0BLs ;
createtime : 1452552191 ;
msgtype : event ;
eventkey : http://market.hasxmy.com/we4/app/index.php?i=3&c=entry&eid=17 ;
menuid : 401191658 ;

2016-01-12 06:41:38 params :
------------
Array:
message : Array ;
module : news ;
rule : 27 ;
priority : 255 ;
keyword : Array ;

2016-01-12 06:41:38 response :
------------
Array:
FromUserName : gh_c035d5b82e08 ;
ToUserName : oOhiYjmz8h5pMX2jccpTJ3Io0BLs ;
MsgType : news ;
ArticleCount : 1 ;
Articles : Array ;

2016-01-12 06:44:22 trace :
------------
Array:
from : oOhiYjmz8h5pMX2jccpTJ3Io0BLs ;
to : gh_c035d5b82e08 ;
time : 1452552354 ;
type : event ;
event : VIEW ;
tousername : gh_c035d5b82e08 ;
fromusername : oOhiYjmz8h5pMX2jccpTJ3Io0BLs ;
createtime : 1452552354 ;
msgtype : event ;
eventkey : http://market.hasxmy.com/we4/app/index.php?i=3&c=entry&eid=17 ;
menuid : 401191658 ;

2016-01-12 06:44:22 params :
------------
Array:
message : Array ;
module : news ;
rule : 27 ;
priority : 255 ;
keyword : Array ;

2016-01-12 06:44:22 response :
------------
Array:
FromUserName : gh_c035d5b82e08 ;
ToUserName : oOhiYjmz8h5pMX2jccpTJ3Io0BLs ;
MsgType : news ;
ArticleCount : 1 ;
Articles : Array ;

2016-01-12 07:16:48 trace :
------------
Array:
from : oOhiYjlxf8HKQM7msZFffWUaZZ_0 ;
to : gh_c035d5b82e08 ;
time : 1452554300 ;
type : event ;
event : VIEW ;
tousername : gh_c035d5b82e08 ;
fromusername : oOhiYjlxf8HKQM7msZFffWUaZZ_0 ;
createtime : 1452554300 ;
msgtype : event ;
eventkey : http://market.hasxmy.com/we4/app/index.php?i=3&c=entry&eid=17 ;
menuid : 401191658 ;

2016-01-12 07:16:48 params :
------------
Array:
message : Array ;
module : news ;
rule : 27 ;
priority : 255 ;
keyword : Array ;

2016-01-12 07:16:48 response :
------------
Array:
FromUserName : gh_c035d5b82e08 ;
ToUserName : oOhiYjlxf8HKQM7msZFffWUaZZ_0 ;
MsgType : news ;
ArticleCount : 1 ;
Articles : Array ;

2016-01-12 07:18:20 trace :
------------
Array:
from : oOhiYjlxf8HKQM7msZFffWUaZZ_0 ;
to : gh_c035d5b82e08 ;
time : 1452554392 ;
type : trace ;
event : LOCATION ;
tousername : gh_c035d5b82e08 ;
fromusername : oOhiYjlxf8HKQM7msZFffWUaZZ_0 ;
createtime : 1452554392 ;
msgtype : event ;
latitude : 34.908100 ;
longitude : 112.763481 ;
precision : 1904.000000 ;
location_x : 34.908100 ;
location_y : 112.763481 ;

2016-01-12 07:18:20 params :
------------
Array:
message : Array ;
module : default ;
rule : -1 ;

2016-01-12 07:18:20 response :
------------
Array:
errno : -1 ;
message : Invaild value ;

2016-01-12 07:18:49 trace :
------------
Array:
from : oOhiYjlxf8HKQM7msZFffWUaZZ_0 ;
to : gh_c035d5b82e08 ;
time : 1452554421 ;
type : trace ;
event : LOCATION ;
tousername : gh_c035d5b82e08 ;
fromusername : oOhiYjlxf8HKQM7msZFffWUaZZ_0 ;
createtime : 1452554421 ;
msgtype : event ;
latitude : 34.908100 ;
longitude : 112.763481 ;
precision : 1904.000000 ;
location_x : 34.908100 ;
location_y : 112.763481 ;

2016-01-12 07:18:49 params :
------------
Array:
message : Array ;
module : default ;
rule : -1 ;

2016-01-12 07:18:49 response :
------------
Array:
errno : -1 ;
message : Invaild value ;

2016-01-12 07:18:51 trace :
------------
Array:
from : oOhiYjlxf8HKQM7msZFffWUaZZ_0 ;
to : gh_c035d5b82e08 ;
time : 1452554424 ;
type : event ;
event : VIEW ;
tousername : gh_c035d5b82e08 ;
fromusername : oOhiYjlxf8HKQM7msZFffWUaZZ_0 ;
createtime : 1452554424 ;
msgtype : event ;
eventkey : http://market.hasxmy.com/we4/app/index.php?i=3&c=entry&eid=17 ;
menuid : 401191658 ;

2016-01-12 07:18:51 params :
------------
Array:
message : Array ;
module : news ;
rule : 27 ;
priority : 255 ;
keyword : Array ;

2016-01-12 07:18:51 response :
------------
Array:
FromUserName : gh_c035d5b82e08 ;
ToUserName : oOhiYjlxf8HKQM7msZFffWUaZZ_0 ;
MsgType : news ;
ArticleCount : 1 ;
Articles : Array ;

2016-01-12 07:19:36 trace :
------------
Array:
from : oOhiYjlxf8HKQM7msZFffWUaZZ_0 ;
to : gh_c035d5b82e08 ;
time : 1452554468 ;
type : trace ;
event : LOCATION ;
tousername : gh_c035d5b82e08 ;
fromusername : oOhiYjlxf8HKQM7msZFffWUaZZ_0 ;
createtime : 1452554468 ;
msgtype : event ;
latitude : 34.908100 ;
longitude : 112.763481 ;
precision : 1904.000000 ;
location_x : 34.908100 ;
location_y : 112.763481 ;

2016-01-12 07:19:36 params :
------------
Array:
message : Array ;
module : default ;
rule : -1 ;

2016-01-12 07:19:36 response :
------------
Array:
errno : -1 ;
message : Invaild value ;

2016-01-12 07:20:23 trace :
------------
Array:
from : oOhiYjlxf8HKQM7msZFffWUaZZ_0 ;
to : gh_c035d5b82e08 ;
time : 1452554515 ;
type : trace ;
event : LOCATION ;
tousername : gh_c035d5b82e08 ;
fromusername : oOhiYjlxf8HKQM7msZFffWUaZZ_0 ;
createtime : 1452554515 ;
msgtype : event ;
latitude : 34.908100 ;
longitude : 112.763481 ;
precision : 1904.000000 ;
location_x : 34.908100 ;
location_y : 112.763481 ;

2016-01-12 07:20:23 params :
------------
Array:
message : Array ;
module : default ;
rule : -1 ;

2016-01-12 07:20:23 response :
------------
Array:
errno : -1 ;
message : Invaild value ;

2016-01-12 07:20:23 trace :
------------
Array:
from : oOhiYjlxf8HKQM7msZFffWUaZZ_0 ;
to : gh_c035d5b82e08 ;
time : 1452554515 ;
type : event ;
event : VIEW ;
tousername : gh_c035d5b82e08 ;
fromusername : oOhiYjlxf8HKQM7msZFffWUaZZ_0 ;
createtime : 1452554515 ;
msgtype : event ;
eventkey : http://market.hasxmy.com/we4/app/index.php?i=3&c=entry&eid=17 ;
menuid : 401191658 ;

2016-01-12 07:20:23 params :
------------
Array:
message : Array ;
module : news ;
rule : 27 ;
priority : 255 ;
keyword : Array ;

2016-01-12 07:20:23 response :
------------
Array:
FromUserName : gh_c035d5b82e08 ;
ToUserName : oOhiYjlxf8HKQM7msZFffWUaZZ_0 ;
MsgType : news ;
ArticleCount : 1 ;
Articles : Array ;

2016-01-12 07:21:09 trace :
------------
Array:
from : oOhiYjlxf8HKQM7msZFffWUaZZ_0 ;
to : gh_c035d5b82e08 ;
time : 1452554562 ;
type : trace ;
event : LOCATION ;
tousername : gh_c035d5b82e08 ;
fromusername : oOhiYjlxf8HKQM7msZFffWUaZZ_0 ;
createtime : 1452554562 ;
msgtype : event ;
latitude : 34.908100 ;
longitude : 112.763481 ;
precision : 1904.000000 ;
location_x : 34.908100 ;
location_y : 112.763481 ;

2016-01-12 07:21:09 params :
------------
Array:
message : Array ;
module : default ;
rule : -1 ;

2016-01-12 07:21:09 response :
------------
Array:
errno : -1 ;
message : Invaild value ;

2016-01-12 07:24:02 trace :
------------
Array:
from : oOhiYjlxf8HKQM7msZFffWUaZZ_0 ;
to : gh_c035d5b82e08 ;
time : 1452554734 ;
type : trace ;
event : LOCATION ;
tousername : gh_c035d5b82e08 ;
fromusername : oOhiYjlxf8HKQM7msZFffWUaZZ_0 ;
createtime : 1452554734 ;
msgtype : event ;
latitude : 34.913170 ;
longitude : 112.765800 ;
precision : 3144.000000 ;
location_x : 34.913170 ;
location_y : 112.765800 ;

2016-01-12 07:24:02 params :
------------
Array:
message : Array ;
module : default ;
rule : -1 ;

2016-01-12 07:24:02 response :
------------
Array:
errno : -1 ;
message : Invaild value ;

2016-01-12 07:24:03 trace :
------------
Array:
from : oOhiYjlxf8HKQM7msZFffWUaZZ_0 ;
to : gh_c035d5b82e08 ;
time : 1452554736 ;
type : event ;
event : VIEW ;
tousername : gh_c035d5b82e08 ;
fromusername : oOhiYjlxf8HKQM7msZFffWUaZZ_0 ;
createtime : 1452554736 ;
msgtype : event ;
eventkey : http://market.hasxmy.com/we4/app/index.php?i=3&c=entry&eid=17 ;
menuid : 401191658 ;

2016-01-12 07:24:03 params :
------------
Array:
message : Array ;
module : news ;
rule : 27 ;
priority : 255 ;
keyword : Array ;

2016-01-12 07:24:03 response :
------------
Array:
FromUserName : gh_c035d5b82e08 ;
ToUserName : oOhiYjlxf8HKQM7msZFffWUaZZ_0 ;
MsgType : news ;
ArticleCount : 1 ;
Articles : Array ;

2016-01-12 07:25:56 trace :
------------
Array:
from : oOhiYjlxf8HKQM7msZFffWUaZZ_0 ;
to : gh_c035d5b82e08 ;
time : 1452554848 ;
type : trace ;
event : LOCATION ;
tousername : gh_c035d5b82e08 ;
fromusername : oOhiYjlxf8HKQM7msZFffWUaZZ_0 ;
createtime : 1452554848 ;
msgtype : event ;
latitude : 34.908100 ;
longitude : 112.763481 ;
precision : 1904.000000 ;
location_x : 34.908100 ;
location_y : 112.763481 ;

2016-01-12 07:25:56 params :
------------
Array:
message : Array ;
module : default ;
rule : -1 ;

2016-01-12 07:25:56 response :
------------
Array:
errno : -1 ;
message : Invaild value ;

2016-01-12 08:19:46 trace :
------------
Array:
from : oOhiYjlxf8HKQM7msZFffWUaZZ_0 ;
to : gh_c035d5b82e08 ;
time : 1452558078 ;
type : trace ;
event : LOCATION ;
tousername : gh_c035d5b82e08 ;
fromusername : oOhiYjlxf8HKQM7msZFffWUaZZ_0 ;
createtime : 1452558078 ;
msgtype : event ;
latitude : 34.908100 ;
longitude : 112.763481 ;
precision : 1904.000000 ;
location_x : 34.908100 ;
location_y : 112.763481 ;

2016-01-12 08:19:46 params :
------------
Array:
message : Array ;
module : default ;
rule : -1 ;

2016-01-12 08:19:46 response :
------------
Array:
errno : -1 ;
message : Invaild value ;

2016-01-12 08:19:54 trace :
------------
Array:
from : oOhiYjlxf8HKQM7msZFffWUaZZ_0 ;
to : gh_c035d5b82e08 ;
time : 1452558086 ;
type : trace ;
event : LOCATION ;
tousername : gh_c035d5b82e08 ;
fromusername : oOhiYjlxf8HKQM7msZFffWUaZZ_0 ;
createtime : 1452558086 ;
msgtype : event ;
latitude : 34.908100 ;
longitude : 112.763481 ;
precision : 1904.000000 ;
location_x : 34.908100 ;
location_y : 112.763481 ;

2016-01-12 08:19:54 params :
------------
Array:
message : Array ;
module : default ;
rule : -1 ;

2016-01-12 08:19:54 response :
------------
Array:
errno : -1 ;
message : Invaild value ;

2016-01-12 08:19:55 trace :
------------
Array:
from : oOhiYjlxf8HKQM7msZFffWUaZZ_0 ;
to : gh_c035d5b82e08 ;
time : 1452558087 ;
type : event ;
event : VIEW ;
tousername : gh_c035d5b82e08 ;
fromusername : oOhiYjlxf8HKQM7msZFffWUaZZ_0 ;
createtime : 1452558087 ;
msgtype : event ;
eventkey : http://market.hasxmy.com/we4/app/index.php?i=3&c=entry&eid=17 ;
menuid : 401191658 ;

2016-01-12 08:19:55 params :
------------
Array:
message : Array ;
module : news ;
rule : 27 ;
priority : 255 ;
keyword : Array ;

2016-01-12 08:19:55 response :
------------
Array:
FromUserName : gh_c035d5b82e08 ;
ToUserName : oOhiYjlxf8HKQM7msZFffWUaZZ_0 ;
MsgType : news ;
ArticleCount : 1 ;
Articles : Array ;

2016-01-12 08:20:27 trace :
------------
Array:
from : oOhiYjlxf8HKQM7msZFffWUaZZ_0 ;
to : gh_c035d5b82e08 ;
time : 1452558119 ;
type : trace ;
event : LOCATION ;
tousername : gh_c035d5b82e08 ;
fromusername : oOhiYjlxf8HKQM7msZFffWUaZZ_0 ;
createtime : 1452558119 ;
msgtype : event ;
latitude : 34.908100 ;
longitude : 112.763481 ;
precision : 1904.000000 ;
location_x : 34.908100 ;
location_y : 112.763481 ;

2016-01-12 08:20:27 params :
------------
Array:
message : Array ;
module : default ;
rule : -1 ;

2016-01-12 08:20:27 response :
------------
Array:
errno : -1 ;
message : Invaild value ;

2016-01-12 08:43:52 trace :
------------
Array:
from : oOhiYjmLjmlu5ivoNZkjxxzut2VI ;
to : gh_c035d5b82e08 ;
time : 1452559524 ;
type : trace ;
event : LOCATION ;
tousername : gh_c035d5b82e08 ;
fromusername : oOhiYjmLjmlu5ivoNZkjxxzut2VI ;
createtime : 1452559524 ;
msgtype : event ;
latitude : 34.973385 ;
longitude : 113.687286 ;
precision : 150.000000 ;
location_x : 34.973385 ;
location_y : 113.687286 ;

2016-01-12 08:43:52 params :
------------
Array:
message : Array ;
module : default ;
rule : -1 ;

2016-01-12 08:43:52 response :
------------
Array:
errno : -1 ;
message : Invaild value ;

2016-01-12 08:43:53 trace :
------------
Array:
from : oOhiYjmLjmlu5ivoNZkjxxzut2VI ;
to : gh_c035d5b82e08 ;
time : 1452559525 ;
type : event ;
event : VIEW ;
tousername : gh_c035d5b82e08 ;
fromusername : oOhiYjmLjmlu5ivoNZkjxxzut2VI ;
createtime : 1452559525 ;
msgtype : event ;
eventkey : http://market.hasxmy.com/we4/app/index.php?i=3&c=entry&eid=17 ;
menuid : 401191658 ;

2016-01-12 08:43:53 params :
------------
Array:
message : Array ;
module : news ;
rule : 27 ;
priority : 255 ;
keyword : Array ;

2016-01-12 08:43:53 response :
------------
Array:
FromUserName : gh_c035d5b82e08 ;
ToUserName : oOhiYjmLjmlu5ivoNZkjxxzut2VI ;
MsgType : news ;
ArticleCount : 1 ;
Articles : Array ;

2016-01-12 09:16:21 trace :
------------
Array:
from : oOhiYjlxf8HKQM7msZFffWUaZZ_0 ;
to : gh_c035d5b82e08 ;
time : 1452561474 ;
type : trace ;
event : LOCATION ;
tousername : gh_c035d5b82e08 ;
fromusername : oOhiYjlxf8HKQM7msZFffWUaZZ_0 ;
createtime : 1452561474 ;
msgtype : event ;
latitude : 34.908100 ;
longitude : 112.763481 ;
precision : 1904.000000 ;
location_x : 34.908100 ;
location_y : 112.763481 ;

2016-01-12 09:16:21 params :
------------
Array:
message : Array ;
module : default ;
rule : -1 ;

2016-01-12 09:16:21 response :
------------
Array:
errno : -1 ;
message : Invaild value ;

2016-01-12 09:16:21 trace :
------------
Array:
from : oOhiYjlxf8HKQM7msZFffWUaZZ_0 ;
to : gh_c035d5b82e08 ;
time : 1452561474 ;
type : event ;
event : VIEW ;
tousername : gh_c035d5b82e08 ;
fromusername : oOhiYjlxf8HKQM7msZFffWUaZZ_0 ;
createtime : 1452561474 ;
msgtype : event ;
eventkey : http://market.hasxmy.com/we4/app/index.php?i=3&c=entry&eid=17 ;
menuid : 401191658 ;

2016-01-12 09:16:21 params :
------------
Array:
message : Array ;
module : news ;
rule : 27 ;
priority : 255 ;
keyword : Array ;

2016-01-12 09:16:21 response :
------------
Array:
FromUserName : gh_c035d5b82e08 ;
ToUserName : oOhiYjlxf8HKQM7msZFffWUaZZ_0 ;
MsgType : news ;
ArticleCount : 1 ;
Articles : Array ;

2016-01-12 09:17:04 trace :
------------
Array:
from : oOhiYjlxf8HKQM7msZFffWUaZZ_0 ;
to : gh_c035d5b82e08 ;
time : 1452561517 ;
type : trace ;
event : LOCATION ;
tousername : gh_c035d5b82e08 ;
fromusername : oOhiYjlxf8HKQM7msZFffWUaZZ_0 ;
createtime : 1452561517 ;
msgtype : event ;
latitude : 34.908100 ;
longitude : 112.763481 ;
precision : 1904.000000 ;
location_x : 34.908100 ;
location_y : 112.763481 ;

2016-01-12 09:17:04 params :
------------
Array:
message : Array ;
module : default ;
rule : -1 ;

2016-01-12 09:17:04 response :
------------
Array:
errno : -1 ;
message : Invaild value ;

2016-01-12 09:19:57 trace :
------------
Array:
from : oOhiYjlxf8HKQM7msZFffWUaZZ_0 ;
to : gh_c035d5b82e08 ;
time : 1452561689 ;
type : trace ;
event : LOCATION ;
tousername : gh_c035d5b82e08 ;
fromusername : oOhiYjlxf8HKQM7msZFffWUaZZ_0 ;
createtime : 1452561689 ;
msgtype : event ;
latitude : 34.908100 ;
longitude : 112.763481 ;
precision : 1904.000000 ;
location_x : 34.908100 ;
location_y : 112.763481 ;

2016-01-12 09:19:57 params :
------------
Array:
message : Array ;
module : default ;
rule : -1 ;

2016-01-12 09:19:57 response :
------------
Array:
errno : -1 ;
message : Invaild value ;

2016-01-12 09:20:00 trace :
------------
Array:
from : oOhiYjlxf8HKQM7msZFffWUaZZ_0 ;
to : gh_c035d5b82e08 ;
time : 1452561692 ;
type : event ;
event : VIEW ;
tousername : gh_c035d5b82e08 ;
fromusername : oOhiYjlxf8HKQM7msZFffWUaZZ_0 ;
createtime : 1452561692 ;
msgtype : event ;
eventkey : http://market.hasxmy.com/we4/app/index.php?i=3&c=entry&eid=17 ;
menuid : 401191658 ;

2016-01-12 09:20:00 params :
------------
Array:
message : Array ;
module : news ;
rule : 27 ;
priority : 255 ;
keyword : Array ;

2016-01-12 09:20:00 response :
------------
Array:
FromUserName : gh_c035d5b82e08 ;
ToUserName : oOhiYjlxf8HKQM7msZFffWUaZZ_0 ;
MsgType : news ;
ArticleCount : 1 ;
Articles : Array ;

2016-01-12 09:20:46 trace :
------------
Array:
from : oOhiYjlxf8HKQM7msZFffWUaZZ_0 ;
to : gh_c035d5b82e08 ;
time : 1452561738 ;
type : trace ;
event : LOCATION ;
tousername : gh_c035d5b82e08 ;
fromusername : oOhiYjlxf8HKQM7msZFffWUaZZ_0 ;
createtime : 1452561738 ;
msgtype : event ;
latitude : 34.908100 ;
longitude : 112.763481 ;
precision : 1904.000000 ;
location_x : 34.908100 ;
location_y : 112.763481 ;

2016-01-12 09:20:46 params :
------------
Array:
message : Array ;
module : default ;
rule : -1 ;

2016-01-12 09:20:46 response :
------------
Array:
errno : -1 ;
message : Invaild value ;

2016-01-12 11:18:19 trace :
------------
Array:
from : oOhiYjk48GgLxgCM3jHc0Pk9fy68 ;
to : gh_c035d5b82e08 ;
time : 1452568791 ;
type : event ;
event : VIEW ;
tousername : gh_c035d5b82e08 ;
fromusername : oOhiYjk48GgLxgCM3jHc0Pk9fy68 ;
createtime : 1452568791 ;
msgtype : event ;
eventkey : http://market.hasxmy.com/we4/app/index.php?i=3&c=entry&eid=17 ;
menuid : 401191658 ;

2016-01-12 11:18:19 params :
------------
Array:
message : Array ;
module : news ;
rule : 27 ;
priority : 255 ;
keyword : Array ;

2016-01-12 11:18:19 response :
------------
Array:
FromUserName : gh_c035d5b82e08 ;
ToUserName : oOhiYjk48GgLxgCM3jHc0Pk9fy68 ;
MsgType : news ;
ArticleCount : 1 ;
Articles : Array ;

2016-01-12 11:24:13 trace :
------------
Array:
from : oOhiYjh4eYlfyyaMrfxxiPsVSMqA ;
to : gh_c035d5b82e08 ;
time : 1452569146 ;
type : trace ;
event : LOCATION ;
tousername : gh_c035d5b82e08 ;
fromusername : oOhiYjh4eYlfyyaMrfxxiPsVSMqA ;
createtime : 1452569146 ;
msgtype : event ;
latitude : 33.703087 ;
longitude : 115.679611 ;
precision : 3100.000000 ;
location_x : 33.703087 ;
location_y : 115.679611 ;

2016-01-12 11:24:13 params :
------------
Array:
message : Array ;
module : default ;
rule : -1 ;

2016-01-12 11:24:13 response :
------------
Array:
errno : -1 ;
message : Invaild value ;

2016-01-12 11:24:18 trace :
------------
Array:
from : oOhiYjh4eYlfyyaMrfxxiPsVSMqA ;
to : gh_c035d5b82e08 ;
time : 1452569150 ;
type : trace ;
event : LOCATION ;
tousername : gh_c035d5b82e08 ;
fromusername : oOhiYjh4eYlfyyaMrfxxiPsVSMqA ;
createtime : 1452569150 ;
msgtype : event ;
latitude : 33.703087 ;
longitude : 115.679611 ;
precision : 3100.000000 ;
location_x : 33.703087 ;
location_y : 115.679611 ;

2016-01-12 11:24:18 params :
------------
Array:
message : Array ;
module : default ;
rule : -1 ;

2016-01-12 11:24:18 response :
------------
Array:
errno : -1 ;
message : Invaild value ;

2016-01-12 15:08:39 trace :
------------
Array:
from : oOhiYjpXm0bus8iVSWw0TAxaIJB8 ;
to : gh_c035d5b82e08 ;
time : 1452582612 ;
type : event ;
event : VIEW ;
tousername : gh_c035d5b82e08 ;
fromusername : oOhiYjpXm0bus8iVSWw0TAxaIJB8 ;
createtime : 1452582612 ;
msgtype : event ;
eventkey : http://market.hasxmy.com/we4/app/index.php?i=3&c=entry&eid=17 ;
menuid : 401191658 ;

2016-01-12 15:08:39 params :
------------
Array:
message : Array ;
module : news ;
rule : 27 ;
priority : 255 ;
keyword : Array ;

2016-01-12 15:08:39 response :
------------
Array:
FromUserName : gh_c035d5b82e08 ;
ToUserName : oOhiYjpXm0bus8iVSWw0TAxaIJB8 ;
MsgType : news ;
ArticleCount : 1 ;
Articles : Array ;

2016-01-12 15:17:09 trace :
------------
Array:
from : oOhiYjpXm0bus8iVSWw0TAxaIJB8 ;
to : gh_c035d5b82e08 ;
time : 1452583122 ;
type : event ;
event : VIEW ;
tousername : gh_c035d5b82e08 ;
fromusername : oOhiYjpXm0bus8iVSWw0TAxaIJB8 ;
createtime : 1452583122 ;
msgtype : event ;
eventkey : http://market.hasxmy.com/we4/app/index.php?i=3&c=entry&eid=17 ;
menuid : 401191658 ;

2016-01-12 15:17:09 params :
------------
Array:
message : Array ;
module : news ;
rule : 27 ;
priority : 255 ;
keyword : Array ;

2016-01-12 15:17:09 response :
------------
Array:
FromUserName : gh_c035d5b82e08 ;
ToUserName : oOhiYjpXm0bus8iVSWw0TAxaIJB8 ;
MsgType : news ;
ArticleCount : 1 ;
Articles : Array ;

2016-01-12 15:23:18 trace :
------------
Array:
from : oOhiYjpXm0bus8iVSWw0TAxaIJB8 ;
to : gh_c035d5b82e08 ;
time : 1452583491 ;
type : event ;
event : VIEW ;
tousername : gh_c035d5b82e08 ;
fromusername : oOhiYjpXm0bus8iVSWw0TAxaIJB8 ;
createtime : 1452583491 ;
msgtype : event ;
eventkey : http://market.hasxmy.com/we4/app/index.php?i=3&c=entry&eid=17 ;
menuid : 401191658 ;

2016-01-12 15:23:18 params :
------------
Array:
message : Array ;
module : news ;
rule : 27 ;
priority : 255 ;
keyword : Array ;

2016-01-12 15:23:18 response :
------------
Array:
FromUserName : gh_c035d5b82e08 ;
ToUserName : oOhiYjpXm0bus8iVSWw0TAxaIJB8 ;
MsgType : news ;
ArticleCount : 1 ;
Articles : Array ;

2016-01-12 15:27:42 trace :
------------
Array:
from : oOhiYjpXm0bus8iVSWw0TAxaIJB8 ;
to : gh_c035d5b82e08 ;
time : 1452583755 ;
type : event ;
event : VIEW ;
tousername : gh_c035d5b82e08 ;
fromusername : oOhiYjpXm0bus8iVSWw0TAxaIJB8 ;
createtime : 1452583755 ;
msgtype : event ;
eventkey : http://market.hasxmy.com/we4/app/index.php?i=3&c=entry&eid=17 ;
menuid : 401191658 ;

2016-01-12 15:27:42 params :
------------
Array:
message : Array ;
module : news ;
rule : 27 ;
priority : 255 ;
keyword : Array ;

2016-01-12 15:27:42 response :
------------
Array:
FromUserName : gh_c035d5b82e08 ;
ToUserName : oOhiYjpXm0bus8iVSWw0TAxaIJB8 ;
MsgType : news ;
ArticleCount : 1 ;
Articles : Array ;

2016-01-12 15:30:33 trace :
------------
Array:
from : oOhiYjpXm0bus8iVSWw0TAxaIJB8 ;
to : gh_c035d5b82e08 ;
time : 1452583926 ;
type : event ;
event : VIEW ;
tousername : gh_c035d5b82e08 ;
fromusername : oOhiYjpXm0bus8iVSWw0TAxaIJB8 ;
createtime : 1452583926 ;
msgtype : event ;
eventkey : http://market.hasxmy.com/we4/app/index.php?i=3&c=entry&eid=17 ;
menuid : 401191658 ;

2016-01-12 15:30:33 params :
------------
Array:
message : Array ;
module : news ;
rule : 27 ;
priority : 255 ;
keyword : Array ;

2016-01-12 15:30:33 response :
------------
Array:
FromUserName : gh_c035d5b82e08 ;
ToUserName : oOhiYjpXm0bus8iVSWw0TAxaIJB8 ;
MsgType : news ;
ArticleCount : 1 ;
Articles : Array ;

2016-01-12 15:32:23 trace :
------------
Array:
from : oOhiYjpXm0bus8iVSWw0TAxaIJB8 ;
to : gh_c035d5b82e08 ;
time : 1452584036 ;
type : event ;
event : VIEW ;
tousername : gh_c035d5b82e08 ;
fromusername : oOhiYjpXm0bus8iVSWw0TAxaIJB8 ;
createtime : 1452584036 ;
msgtype : event ;
eventkey : http://market.hasxmy.com/we4/app/index.php?i=3&c=entry&eid=17 ;
menuid : 401191658 ;

2016-01-12 15:32:23 params :
------------
Array:
message : Array ;
module : news ;
rule : 27 ;
priority : 255 ;
keyword : Array ;

2016-01-12 15:32:23 response :
------------
Array:
FromUserName : gh_c035d5b82e08 ;
ToUserName : oOhiYjpXm0bus8iVSWw0TAxaIJB8 ;
MsgType : news ;
ArticleCount : 1 ;
Articles : Array ;

2016-01-12 15:33:50 trace :
------------
Array:
from : oOhiYjpXm0bus8iVSWw0TAxaIJB8 ;
to : gh_c035d5b82e08 ;
time : 1452584123 ;
type : event ;
event : VIEW ;
tousername : gh_c035d5b82e08 ;
fromusername : oOhiYjpXm0bus8iVSWw0TAxaIJB8 ;
createtime : 1452584123 ;
msgtype : event ;
eventkey : http://market.hasxmy.com/we4/app/index.php?i=3&c=entry&eid=17 ;
menuid : 401191658 ;

2016-01-12 15:33:50 params :
------------
Array:
message : Array ;
module : news ;
rule : 27 ;
priority : 255 ;
keyword : Array ;

2016-01-12 15:33:50 response :
------------
Array:
FromUserName : gh_c035d5b82e08 ;
ToUserName : oOhiYjpXm0bus8iVSWw0TAxaIJB8 ;
MsgType : news ;
ArticleCount : 1 ;
Articles : Array ;

2016-01-12 15:41:13 trace :
------------
Array:
from : oOhiYjpXm0bus8iVSWw0TAxaIJB8 ;
to : gh_c035d5b82e08 ;
time : 1452584566 ;
type : event ;
event : VIEW ;
tousername : gh_c035d5b82e08 ;
fromusername : oOhiYjpXm0bus8iVSWw0TAxaIJB8 ;
createtime : 1452584566 ;
msgtype : event ;
eventkey : http://market.hasxmy.com/we4/app/index.php?i=3&c=entry&eid=17 ;
menuid : 401191658 ;

2016-01-12 15:41:13 params :
------------
Array:
message : Array ;
module : news ;
rule : 27 ;
priority : 255 ;
keyword : Array ;

2016-01-12 15:41:13 response :
------------
Array:
FromUserName : gh_c035d5b82e08 ;
ToUserName : oOhiYjpXm0bus8iVSWw0TAxaIJB8 ;
MsgType : news ;
ArticleCount : 1 ;
Articles : Array ;

2016-01-12 15:43:26 trace :
------------
Array:
from : oOhiYjpXm0bus8iVSWw0TAxaIJB8 ;
to : gh_c035d5b82e08 ;
time : 1452584699 ;
type : event ;
event : VIEW ;
tousername : gh_c035d5b82e08 ;
fromusername : oOhiYjpXm0bus8iVSWw0TAxaIJB8 ;
createtime : 1452584699 ;
msgtype : event ;
eventkey : http://market.hasxmy.com/we4/app/index.php?i=3&c=entry&eid=17 ;
menuid : 401191658 ;

2016-01-12 15:43:26 params :
------------
Array:
message : Array ;
module : news ;
rule : 27 ;
priority : 255 ;
keyword : Array ;

2016-01-12 15:43:26 response :
------------
Array:
FromUserName : gh_c035d5b82e08 ;
ToUserName : oOhiYjpXm0bus8iVSWw0TAxaIJB8 ;
MsgType : news ;
ArticleCount : 1 ;
Articles : Array ;

2016-01-12 15:44:11 trace :
------------
Array:
from : oOhiYjpXm0bus8iVSWw0TAxaIJB8 ;
to : gh_c035d5b82e08 ;
time : 1452584744 ;
type : event ;
event : VIEW ;
tousername : gh_c035d5b82e08 ;
fromusername : oOhiYjpXm0bus8iVSWw0TAxaIJB8 ;
createtime : 1452584744 ;
msgtype : event ;
eventkey : http://market.hasxmy.com/we4/app/index.php?i=3&c=entry&eid=17 ;
menuid : 401191658 ;

2016-01-12 15:44:11 params :
------------
Array:
message : Array ;
module : news ;
rule : 27 ;
priority : 255 ;
keyword : Array ;

2016-01-12 15:44:11 response :
------------
Array:
FromUserName : gh_c035d5b82e08 ;
ToUserName : oOhiYjpXm0bus8iVSWw0TAxaIJB8 ;
MsgType : news ;
ArticleCount : 1 ;
Articles : Array ;

2016-01-12 15:49:40 trace :
------------
Array:
from : oOhiYjpXm0bus8iVSWw0TAxaIJB8 ;
to : gh_c035d5b82e08 ;
time : 1452585073 ;
type : event ;
event : VIEW ;
tousername : gh_c035d5b82e08 ;
fromusername : oOhiYjpXm0bus8iVSWw0TAxaIJB8 ;
createtime : 1452585073 ;
msgtype : event ;
eventkey : http://market.hasxmy.com/we4/app/index.php?i=3&c=entry&eid=17 ;
menuid : 401191658 ;

2016-01-12 15:49:40 params :
------------
Array:
message : Array ;
module : news ;
rule : 27 ;
priority : 255 ;
keyword : Array ;

2016-01-12 15:49:40 response :
------------
Array:
FromUserName : gh_c035d5b82e08 ;
ToUserName : oOhiYjpXm0bus8iVSWw0TAxaIJB8 ;
MsgType : news ;
ArticleCount : 1 ;
Articles : Array ;

2016-01-12 15:51:08 trace :
------------
Array:
from : oOhiYjpXm0bus8iVSWw0TAxaIJB8 ;
to : gh_c035d5b82e08 ;
time : 1452585161 ;
type : event ;
event : VIEW ;
tousername : gh_c035d5b82e08 ;
fromusername : oOhiYjpXm0bus8iVSWw0TAxaIJB8 ;
createtime : 1452585161 ;
msgtype : event ;
eventkey : http://market.hasxmy.com/we4/app/index.php?i=3&c=entry&eid=17 ;
menuid : 401191658 ;

2016-01-12 15:51:08 params :
------------
Array:
message : Array ;
module : news ;
rule : 27 ;
priority : 255 ;
keyword : Array ;

2016-01-12 15:51:08 response :
------------
Array:
FromUserName : gh_c035d5b82e08 ;
ToUserName : oOhiYjpXm0bus8iVSWw0TAxaIJB8 ;
MsgType : news ;
ArticleCount : 1 ;
Articles : Array ;

2016-01-12 15:52:20 trace :
------------
Array:
from : oOhiYjpXm0bus8iVSWw0TAxaIJB8 ;
to : gh_c035d5b82e08 ;
time : 1452585233 ;
type : event ;
event : VIEW ;
tousername : gh_c035d5b82e08 ;
fromusername : oOhiYjpXm0bus8iVSWw0TAxaIJB8 ;
createtime : 1452585233 ;
msgtype : event ;
eventkey : http://market.hasxmy.com/we4/app/index.php?i=3&c=entry&eid=17 ;
menuid : 401191658 ;

2016-01-12 15:52:20 params :
------------
Array:
message : Array ;
module : news ;
rule : 27 ;
priority : 255 ;
keyword : Array ;

2016-01-12 15:52:20 response :
------------
Array:
FromUserName : gh_c035d5b82e08 ;
ToUserName : oOhiYjpXm0bus8iVSWw0TAxaIJB8 ;
MsgType : news ;
ArticleCount : 1 ;
Articles : Array ;

2016-01-12 16:02:21 trace :
------------
Array:
from : oOhiYjmLjmlu5ivoNZkjxxzut2VI ;
to : gh_c035d5b82e08 ;
time : 1452585834 ;
type : trace ;
event : LOCATION ;
tousername : gh_c035d5b82e08 ;
fromusername : oOhiYjmLjmlu5ivoNZkjxxzut2VI ;
createtime : 1452585834 ;
msgtype : event ;
latitude : 34.973389 ;
longitude : 113.687286 ;
precision : 150.000000 ;
location_x : 34.973389 ;
location_y : 113.687286 ;

2016-01-12 16:02:21 params :
------------
Array:
message : Array ;
module : default ;
rule : -1 ;

2016-01-12 16:02:21 response :
------------
Array:
errno : -1 ;
message : Invaild value ;

2016-01-12 16:02:22 trace :
------------
Array:
from : oOhiYjmLjmlu5ivoNZkjxxzut2VI ;
to : gh_c035d5b82e08 ;
time : 1452585835 ;
type : event ;
event : VIEW ;
tousername : gh_c035d5b82e08 ;
fromusername : oOhiYjmLjmlu5ivoNZkjxxzut2VI ;
createtime : 1452585835 ;
msgtype : event ;
eventkey : http://market.hasxmy.com/we4/app/index.php?i=3&c=entry&eid=17 ;
menuid : 401191658 ;

2016-01-12 16:02:22 params :
------------
Array:
message : Array ;
module : news ;
rule : 27 ;
priority : 255 ;
keyword : Array ;

2016-01-12 16:02:22 response :
------------
Array:
FromUserName : gh_c035d5b82e08 ;
ToUserName : oOhiYjmLjmlu5ivoNZkjxxzut2VI ;
MsgType : news ;
ArticleCount : 1 ;
Articles : Array ;

2016-01-12 16:02:56 trace :
------------
Array:
from : oOhiYjmLjmlu5ivoNZkjxxzut2VI ;
to : gh_c035d5b82e08 ;
time : 1452585869 ;
type : trace ;
event : LOCATION ;
tousername : gh_c035d5b82e08 ;
fromusername : oOhiYjmLjmlu5ivoNZkjxxzut2VI ;
createtime : 1452585869 ;
msgtype : event ;
latitude : 34.973389 ;
longitude : 113.687286 ;
precision : 150.000000 ;
location_x : 34.973389 ;
location_y : 113.687286 ;

2016-01-12 16:02:56 params :
------------
Array:
message : Array ;
module : default ;
rule : -1 ;

2016-01-12 16:02:56 response :
------------
Array:
errno : -1 ;
message : Invaild value ;

2016-01-12 16:15:58 trace :
------------
Array:
from : oOhiYjoG8y6uZzr4aKNGfs1PQiNI ;
to : gh_c035d5b82e08 ;
time : 1452586651 ;
type : event ;
event : subscribe ;
tousername : gh_c035d5b82e08 ;
fromusername : oOhiYjoG8y6uZzr4aKNGfs1PQiNI ;
createtime : 1452586651 ;
msgtype : event ;
eventkey :  ;

2016-01-12 16:15:58 params :
------------
Array:
message : Array ;
module : news ;
rule : 27 ;
priority : 255 ;
keyword : Array ;

2016-01-12 16:15:58 response :
------------
Array:
FromUserName : gh_c035d5b82e08 ;
ToUserName : oOhiYjoG8y6uZzr4aKNGfs1PQiNI ;
MsgType : news ;
ArticleCount : 1 ;
Articles : Array ;

2016-01-12 16:16:02 trace :
------------
Array:
from : oOhiYjoG8y6uZzr4aKNGfs1PQiNI ;
to : gh_c035d5b82e08 ;
time : 1452586655 ;
type : trace ;
event : LOCATION ;
tousername : gh_c035d5b82e08 ;
fromusername : oOhiYjoG8y6uZzr4aKNGfs1PQiNI ;
createtime : 1452586655 ;
msgtype : event ;
latitude : 45.346039 ;
longitude : 122.797554 ;
precision : 2048.000000 ;
location_x : 45.346039 ;
location_y : 122.797554 ;

2016-01-12 16:16:02 params :
------------
Array:
message : Array ;
module : default ;
rule : -1 ;

2016-01-12 16:16:02 response :
------------
Array:
errno : -1 ;
message : Invaild value ;

2016-01-12 16:16:08 trace :
------------
Array:
from : oOhiYjoG8y6uZzr4aKNGfs1PQiNI ;
to : gh_c035d5b82e08 ;
time : 1452586661 ;
type : trace ;
event : LOCATION ;
tousername : gh_c035d5b82e08 ;
fromusername : oOhiYjoG8y6uZzr4aKNGfs1PQiNI ;
createtime : 1452586661 ;
msgtype : event ;
latitude : 45.346039 ;
longitude : 122.797554 ;
precision : 2048.000000 ;
location_x : 45.346039 ;
location_y : 122.797554 ;

2016-01-12 16:16:08 params :
------------
Array:
message : Array ;
module : default ;
rule : -1 ;

2016-01-12 16:16:08 response :
------------
Array:
errno : -1 ;
message : Invaild value ;

2016-01-12 16:17:17 trace :
------------
Array:
from : oOhiYjoG8y6uZzr4aKNGfs1PQiNI ;
to : gh_c035d5b82e08 ;
time : 1452586730 ;
type : trace ;
event : LOCATION ;
tousername : gh_c035d5b82e08 ;
fromusername : oOhiYjoG8y6uZzr4aKNGfs1PQiNI ;
createtime : 1452586730 ;
msgtype : event ;
latitude : 45.346039 ;
longitude : 122.797554 ;
precision : 2048.000000 ;
location_x : 45.346039 ;
location_y : 122.797554 ;

2016-01-12 16:17:17 params :
------------
Array:
message : Array ;
module : default ;
rule : -1 ;

2016-01-12 16:17:17 response :
------------
Array:
errno : -1 ;
message : Invaild value ;

2016-01-12 16:17:20 trace :
------------
Array:
from : oOhiYjoG8y6uZzr4aKNGfs1PQiNI ;
to : gh_c035d5b82e08 ;
time : 1452586733 ;
type : event ;
event : VIEW ;
tousername : gh_c035d5b82e08 ;
fromusername : oOhiYjoG8y6uZzr4aKNGfs1PQiNI ;
createtime : 1452586733 ;
msgtype : event ;
eventkey : http://market.hasxmy.com/we4/app/index.php?i=3&c=entry&eid=17 ;
menuid : 401191658 ;

2016-01-12 16:17:20 params :
------------
Array:
message : Array ;
module : news ;
rule : 27 ;
priority : 255 ;
keyword : Array ;

2016-01-12 16:17:20 response :
------------
Array:
FromUserName : gh_c035d5b82e08 ;
ToUserName : oOhiYjoG8y6uZzr4aKNGfs1PQiNI ;
MsgType : news ;
ArticleCount : 1 ;
Articles : Array ;

2016-01-12 16:24:10 trace :
------------
Array:
from : oOhiYjoG8y6uZzr4aKNGfs1PQiNI ;
to : gh_c035d5b82e08 ;
time : 1452587143 ;
type : trace ;
event : LOCATION ;
tousername : gh_c035d5b82e08 ;
fromusername : oOhiYjoG8y6uZzr4aKNGfs1PQiNI ;
createtime : 1452587143 ;
msgtype : event ;
latitude : 45.346039 ;
longitude : 122.797554 ;
precision : 2048.000000 ;
location_x : 45.346039 ;
location_y : 122.797554 ;

2016-01-12 16:24:10 params :
------------
Array:
message : Array ;
module : default ;
rule : -1 ;

2016-01-12 16:24:10 response :
------------
Array:
errno : -1 ;
message : Invaild value ;

2016-01-12 16:24:12 trace :
------------
Array:
from : oOhiYjoG8y6uZzr4aKNGfs1PQiNI ;
to : gh_c035d5b82e08 ;
time : 1452587145 ;
type : event ;
event : VIEW ;
tousername : gh_c035d5b82e08 ;
fromusername : oOhiYjoG8y6uZzr4aKNGfs1PQiNI ;
createtime : 1452587145 ;
msgtype : event ;
eventkey : http://market.hasxmy.com/we4/app/index.php?i=3&c=entry&eid=17 ;
menuid : 401191658 ;

2016-01-12 16:24:12 params :
------------
Array:
message : Array ;
module : news ;
rule : 27 ;
priority : 255 ;
keyword : Array ;

2016-01-12 16:24:12 response :
------------
Array:
FromUserName : gh_c035d5b82e08 ;
ToUserName : oOhiYjoG8y6uZzr4aKNGfs1PQiNI ;
MsgType : news ;
ArticleCount : 1 ;
Articles : Array ;

2016-01-12 16:24:32 trace :
------------
Array:
from : oOhiYjoG8y6uZzr4aKNGfs1PQiNI ;
to : gh_c035d5b82e08 ;
time : 1452587165 ;
type : trace ;
event : LOCATION ;
tousername : gh_c035d5b82e08 ;
fromusername : oOhiYjoG8y6uZzr4aKNGfs1PQiNI ;
createtime : 1452587165 ;
msgtype : event ;
latitude : 45.346039 ;
longitude : 122.797554 ;
precision : 2048.000000 ;
location_x : 45.346039 ;
location_y : 122.797554 ;

2016-01-12 16:24:32 params :
------------
Array:
message : Array ;
module : default ;
rule : -1 ;

2016-01-12 16:24:32 response :
------------
Array:
errno : -1 ;
message : Invaild value ;

2016-01-12 16:56:08 trace :
------------
Array:
from : oOhiYjlxf8HKQM7msZFffWUaZZ_0 ;
to : gh_c035d5b82e08 ;
time : 1452589061 ;
type : trace ;
event : LOCATION ;
tousername : gh_c035d5b82e08 ;
fromusername : oOhiYjlxf8HKQM7msZFffWUaZZ_0 ;
createtime : 1452589061 ;
msgtype : event ;
latitude : 34.885040 ;
longitude : 112.754517 ;
precision : 150.000000 ;
location_x : 34.885040 ;
location_y : 112.754517 ;

2016-01-12 16:56:08 params :
------------
Array:
message : Array ;
module : default ;
rule : -1 ;

2016-01-12 16:56:08 response :
------------
Array:
errno : -1 ;
message : Invaild value ;

2016-01-12 16:56:15 trace :
------------
Array:
from : oOhiYjlxf8HKQM7msZFffWUaZZ_0 ;
to : gh_c035d5b82e08 ;
time : 1452589068 ;
type : event ;
event : VIEW ;
tousername : gh_c035d5b82e08 ;
fromusername : oOhiYjlxf8HKQM7msZFffWUaZZ_0 ;
createtime : 1452589068 ;
msgtype : event ;
eventkey : http://market.hasxmy.com/we4/app/index.php?i=3&c=entry&eid=17 ;
menuid : 401191658 ;

2016-01-12 16:56:15 params :
------------
Array:
message : Array ;
module : news ;
rule : 27 ;
priority : 255 ;
keyword : Array ;

2016-01-12 16:56:15 response :
------------
Array:
FromUserName : gh_c035d5b82e08 ;
ToUserName : oOhiYjlxf8HKQM7msZFffWUaZZ_0 ;
MsgType : news ;
ArticleCount : 1 ;
Articles : Array ;

2016-01-12 16:57:27 trace :
------------
Array:
from : oOhiYjlxf8HKQM7msZFffWUaZZ_0 ;
to : gh_c035d5b82e08 ;
time : 1452589140 ;
type : trace ;
event : LOCATION ;
tousername : gh_c035d5b82e08 ;
fromusername : oOhiYjlxf8HKQM7msZFffWUaZZ_0 ;
createtime : 1452589140 ;
msgtype : event ;
latitude : 34.885094 ;
longitude : 112.754494 ;
precision : 150.000000 ;
location_x : 34.885094 ;
location_y : 112.754494 ;

2016-01-12 16:57:27 params :
------------
Array:
message : Array ;
module : default ;
rule : -1 ;

2016-01-12 16:57:27 response :
------------
Array:
errno : -1 ;
message : Invaild value ;

2016-01-12 16:59:26 trace :
------------
Array:
from : oOhiYjpXm0bus8iVSWw0TAxaIJB8 ;
to : gh_c035d5b82e08 ;
time : 1452589259 ;
type : event ;
event : VIEW ;
tousername : gh_c035d5b82e08 ;
fromusername : oOhiYjpXm0bus8iVSWw0TAxaIJB8 ;
createtime : 1452589259 ;
msgtype : event ;
eventkey : http://market.hasxmy.com/we4/app/index.php?i=3&c=entry&eid=17 ;
menuid : 401191658 ;

2016-01-12 16:59:26 params :
------------
Array:
message : Array ;
module : news ;
rule : 27 ;
priority : 255 ;
keyword : Array ;

2016-01-12 16:59:26 response :
------------
Array:
FromUserName : gh_c035d5b82e08 ;
ToUserName : oOhiYjpXm0bus8iVSWw0TAxaIJB8 ;
MsgType : news ;
ArticleCount : 1 ;
Articles : Array ;

2016-01-12 17:00:03 trace :
------------
Array:
from : oOhiYjoG8y6uZzr4aKNGfs1PQiNI ;
to : gh_c035d5b82e08 ;
time : 1452589296 ;
type : trace ;
event : LOCATION ;
tousername : gh_c035d5b82e08 ;
fromusername : oOhiYjoG8y6uZzr4aKNGfs1PQiNI ;
createtime : 1452589296 ;
msgtype : event ;
latitude : 45.346039 ;
longitude : 122.797554 ;
precision : 2048.000000 ;
location_x : 45.346039 ;
location_y : 122.797554 ;

2016-01-12 17:00:03 params :
------------
Array:
message : Array ;
module : default ;
rule : -1 ;

2016-01-12 17:00:03 response :
------------
Array:
errno : -1 ;
message : Invaild value ;

2016-01-12 17:00:09 trace :
------------
Array:
from : oOhiYjoG8y6uZzr4aKNGfs1PQiNI ;
to : gh_c035d5b82e08 ;
time : 1452589302 ;
type : trace ;
event : LOCATION ;
tousername : gh_c035d5b82e08 ;
fromusername : oOhiYjoG8y6uZzr4aKNGfs1PQiNI ;
createtime : 1452589302 ;
msgtype : event ;
latitude : 45.346039 ;
longitude : 122.797554 ;
precision : 2048.000000 ;
location_x : 45.346039 ;
location_y : 122.797554 ;

2016-01-12 17:00:09 params :
------------
Array:
message : Array ;
module : default ;
rule : -1 ;

2016-01-12 17:00:09 response :
------------
Array:
errno : -1 ;
message : Invaild value ;

2016-01-12 17:10:30 trace :
------------
Array:
from : oOhiYjoG8y6uZzr4aKNGfs1PQiNI ;
to : gh_c035d5b82e08 ;
time : 1452589923 ;
type : event ;
event : VIEW ;
tousername : gh_c035d5b82e08 ;
fromusername : oOhiYjoG8y6uZzr4aKNGfs1PQiNI ;
createtime : 1452589923 ;
msgtype : event ;
eventkey : http://market.hasxmy.com/we4/app/index.php?i=3&c=entry&eid=17 ;
menuid : 401191658 ;

2016-01-12 17:10:30 params :
------------
Array:
message : Array ;
module : news ;
rule : 27 ;
priority : 255 ;
keyword : Array ;

2016-01-12 17:10:30 response :
------------
Array:
FromUserName : gh_c035d5b82e08 ;
ToUserName : oOhiYjoG8y6uZzr4aKNGfs1PQiNI ;
MsgType : news ;
ArticleCount : 1 ;
Articles : Array ;

2016-01-12 17:10:41 trace :
------------
Array:
from : oOhiYjoG8y6uZzr4aKNGfs1PQiNI ;
to : gh_c035d5b82e08 ;
time : 1452589934 ;
type : event ;
event : VIEW ;
tousername : gh_c035d5b82e08 ;
fromusername : oOhiYjoG8y6uZzr4aKNGfs1PQiNI ;
createtime : 1452589934 ;
msgtype : event ;
eventkey : http://www.hasxmy.com ;
menuid : 401191658 ;

2016-01-12 17:10:41 params :
------------
Array:
message : Array ;
module : news ;
rule : 27 ;
priority : 255 ;
keyword : Array ;

2016-01-12 17:10:41 response :
------------
Array:
FromUserName : gh_c035d5b82e08 ;
ToUserName : oOhiYjoG8y6uZzr4aKNGfs1PQiNI ;
MsgType : news ;
ArticleCount : 1 ;
Articles : Array ;

2016-01-12 17:25:48 trace :
------------
Array:
from : oOhiYjlxf8HKQM7msZFffWUaZZ_0 ;
to : gh_c035d5b82e08 ;
time : 1452590841 ;
type : trace ;
event : LOCATION ;
tousername : gh_c035d5b82e08 ;
fromusername : oOhiYjlxf8HKQM7msZFffWUaZZ_0 ;
createtime : 1452590841 ;
msgtype : event ;
latitude : 34.915436 ;
longitude : 112.780678 ;
precision : 150.000000 ;
location_x : 34.915436 ;
location_y : 112.780678 ;

2016-01-12 17:25:48 params :
------------
Array:
message : Array ;
module : default ;
rule : -1 ;

2016-01-12 17:25:48 response :
------------
Array:
errno : -1 ;
message : Invaild value ;

2016-01-12 17:25:49 trace :
------------
Array:
from : oOhiYjlxf8HKQM7msZFffWUaZZ_0 ;
to : gh_c035d5b82e08 ;
time : 1452590842 ;
type : event ;
event : VIEW ;
tousername : gh_c035d5b82e08 ;
fromusername : oOhiYjlxf8HKQM7msZFffWUaZZ_0 ;
createtime : 1452590842 ;
msgtype : event ;
eventkey : http://market.hasxmy.com/we4/app/index.php?i=3&c=entry&eid=17 ;
menuid : 401191658 ;

2016-01-12 17:25:49 params :
------------
Array:
message : Array ;
module : news ;
rule : 27 ;
priority : 255 ;
keyword : Array ;

2016-01-12 17:25:49 response :
------------
Array:
FromUserName : gh_c035d5b82e08 ;
ToUserName : oOhiYjlxf8HKQM7msZFffWUaZZ_0 ;
MsgType : news ;
ArticleCount : 1 ;
Articles : Array ;

2016-01-12 17:26:07 trace :
------------
Array:
from : oOhiYjlxf8HKQM7msZFffWUaZZ_0 ;
to : gh_c035d5b82e08 ;
time : 1452590860 ;
type : trace ;
event : LOCATION ;
tousername : gh_c035d5b82e08 ;
fromusername : oOhiYjlxf8HKQM7msZFffWUaZZ_0 ;
createtime : 1452590860 ;
msgtype : event ;
latitude : 34.915436 ;
longitude : 112.780678 ;
precision : 150.000000 ;
location_x : 34.915436 ;
location_y : 112.780678 ;

2016-01-12 17:26:07 params :
------------
Array:
message : Array ;
module : default ;
rule : -1 ;

2016-01-12 17:26:07 response :
------------
Array:
errno : -1 ;
message : Invaild value ;

2016-01-12 18:18:28 trace :
------------
Array:
from : oOhiYjlxf8HKQM7msZFffWUaZZ_0 ;
to : gh_c035d5b82e08 ;
time : 1452594001 ;
type : trace ;
event : LOCATION ;
tousername : gh_c035d5b82e08 ;
fromusername : oOhiYjlxf8HKQM7msZFffWUaZZ_0 ;
createtime : 1452594001 ;
msgtype : event ;
latitude : 34.915401 ;
longitude : 112.780411 ;
precision : 150.000000 ;
location_x : 34.915401 ;
location_y : 112.780411 ;

2016-01-12 18:18:28 params :
------------
Array:
message : Array ;
module : default ;
rule : -1 ;

2016-01-12 18:18:28 response :
------------
Array:
errno : -1 ;
message : Invaild value ;

2016-01-12 18:18:30 trace :
------------
Array:
from : oOhiYjlxf8HKQM7msZFffWUaZZ_0 ;
to : gh_c035d5b82e08 ;
time : 1452594003 ;
type : event ;
event : VIEW ;
tousername : gh_c035d5b82e08 ;
fromusername : oOhiYjlxf8HKQM7msZFffWUaZZ_0 ;
createtime : 1452594003 ;
msgtype : event ;
eventkey : http://market.hasxmy.com/we4/app/index.php?i=3&c=entry&eid=17 ;
menuid : 401191658 ;

2016-01-12 18:18:30 params :
------------
Array:
message : Array ;
module : news ;
rule : 27 ;
priority : 255 ;
keyword : Array ;

2016-01-12 18:18:30 response :
------------
Array:
FromUserName : gh_c035d5b82e08 ;
ToUserName : oOhiYjlxf8HKQM7msZFffWUaZZ_0 ;
MsgType : news ;
ArticleCount : 1 ;
Articles : Array ;

2016-01-12 18:19:46 trace :
------------
Array:
from : oOhiYjlxf8HKQM7msZFffWUaZZ_0 ;
to : gh_c035d5b82e08 ;
time : 1452594079 ;
type : trace ;
event : LOCATION ;
tousername : gh_c035d5b82e08 ;
fromusername : oOhiYjlxf8HKQM7msZFffWUaZZ_0 ;
createtime : 1452594079 ;
msgtype : event ;
latitude : 34.915390 ;
longitude : 112.780457 ;
precision : 150.000000 ;
location_x : 34.915390 ;
location_y : 112.780457 ;

2016-01-12 18:19:46 params :
------------
Array:
message : Array ;
module : default ;
rule : -1 ;

2016-01-12 18:19:46 response :
------------
Array:
errno : -1 ;
message : Invaild value ;

2016-01-12 18:43:25 trace :
------------
Array:
from : oOhiYjlxf8HKQM7msZFffWUaZZ_0 ;
to : gh_c035d5b82e08 ;
time : 1452595498 ;
type : trace ;
event : LOCATION ;
tousername : gh_c035d5b82e08 ;
fromusername : oOhiYjlxf8HKQM7msZFffWUaZZ_0 ;
createtime : 1452595498 ;
msgtype : event ;
latitude : 34.912704 ;
longitude : 112.784668 ;
precision : 150.000000 ;
location_x : 34.912704 ;
location_y : 112.784668 ;

2016-01-12 18:43:25 params :
------------
Array:
message : Array ;
module : default ;
rule : -1 ;

2016-01-12 18:43:25 response :
------------
Array:
errno : -1 ;
message : Invaild value ;

2016-01-12 18:43:26 trace :
------------
Array:
from : oOhiYjlxf8HKQM7msZFffWUaZZ_0 ;
to : gh_c035d5b82e08 ;
time : 1452595499 ;
type : event ;
event : VIEW ;
tousername : gh_c035d5b82e08 ;
fromusername : oOhiYjlxf8HKQM7msZFffWUaZZ_0 ;
createtime : 1452595499 ;
msgtype : event ;
eventkey : http://market.hasxmy.com/we4/app/index.php?i=3&c=entry&eid=17 ;
menuid : 401191658 ;

2016-01-12 18:43:26 params :
------------
Array:
message : Array ;
module : news ;
rule : 27 ;
priority : 255 ;
keyword : Array ;

2016-01-12 18:43:26 response :
------------
Array:
FromUserName : gh_c035d5b82e08 ;
ToUserName : oOhiYjlxf8HKQM7msZFffWUaZZ_0 ;
MsgType : news ;
ArticleCount : 1 ;
Articles : Array ;

2016-01-12 18:44:02 trace :
------------
Array:
from : oOhiYjlxf8HKQM7msZFffWUaZZ_0 ;
to : gh_c035d5b82e08 ;
time : 1452595536 ;
type : trace ;
event : LOCATION ;
tousername : gh_c035d5b82e08 ;
fromusername : oOhiYjlxf8HKQM7msZFffWUaZZ_0 ;
createtime : 1452595536 ;
msgtype : event ;
latitude : 34.912704 ;
longitude : 112.784668 ;
precision : 150.000000 ;
location_x : 34.912704 ;
location_y : 112.784668 ;

2016-01-12 18:44:02 params :
------------
Array:
message : Array ;
module : default ;
rule : -1 ;

2016-01-12 18:44:02 response :
------------
Array:
errno : -1 ;
message : Invaild value ;

2016-01-12 19:23:06 trace :
------------
Array:
from : oOhiYjmz8h5pMX2jccpTJ3Io0BLs ;
to : gh_c035d5b82e08 ;
time : 1452597880 ;
type : event ;
event : VIEW ;
tousername : gh_c035d5b82e08 ;
fromusername : oOhiYjmz8h5pMX2jccpTJ3Io0BLs ;
createtime : 1452597880 ;
msgtype : event ;
eventkey : http://market.hasxmy.com/we4/app/index.php?i=3&c=entry&eid=17 ;
menuid : 401191658 ;

2016-01-12 19:23:06 params :
------------
Array:
message : Array ;
module : news ;
rule : 27 ;
priority : 255 ;
keyword : Array ;

2016-01-12 19:23:06 response :
------------
Array:
FromUserName : gh_c035d5b82e08 ;
ToUserName : oOhiYjmz8h5pMX2jccpTJ3Io0BLs ;
MsgType : news ;
ArticleCount : 1 ;
Articles : Array ;

2016-01-12 20:13:40 trace :
------------
Array:
from : oOhiYjoG8y6uZzr4aKNGfs1PQiNI ;
to : gh_c035d5b82e08 ;
time : 1452600914 ;
type : trace ;
event : LOCATION ;
tousername : gh_c035d5b82e08 ;
fromusername : oOhiYjoG8y6uZzr4aKNGfs1PQiNI ;
createtime : 1452600914 ;
msgtype : event ;
latitude : 45.346039 ;
longitude : 122.797554 ;
precision : 2048.000000 ;
location_x : 45.346039 ;
location_y : 122.797554 ;

2016-01-12 20:13:40 params :
------------
Array:
message : Array ;
module : default ;
rule : -1 ;

2016-01-12 20:13:40 response :
------------
Array:
errno : -1 ;
message : Invaild value ;

2016-01-12 20:32:17 trace :
------------
Array:
from : oOhiYjlxf8HKQM7msZFffWUaZZ_0 ;
to : gh_c035d5b82e08 ;
time : 1452602031 ;
type : event ;
event : VIEW ;
tousername : gh_c035d5b82e08 ;
fromusername : oOhiYjlxf8HKQM7msZFffWUaZZ_0 ;
createtime : 1452602031 ;
msgtype : event ;
eventkey : http://market.hasxmy.com/we4/app/index.php?i=3&c=entry&eid=17 ;
menuid : 401191658 ;

2016-01-12 20:32:17 params :
------------
Array:
message : Array ;
module : news ;
rule : 27 ;
priority : 255 ;
keyword : Array ;

2016-01-12 20:32:17 response :
------------
Array:
FromUserName : gh_c035d5b82e08 ;
ToUserName : oOhiYjlxf8HKQM7msZFffWUaZZ_0 ;
MsgType : news ;
ArticleCount : 1 ;
Articles : Array ;

2016-01-12 20:33:15 trace :
------------
Array:
from : oOhiYjlxf8HKQM7msZFffWUaZZ_0 ;
to : gh_c035d5b82e08 ;
time : 1452602089 ;
type : trace ;
event : LOCATION ;
tousername : gh_c035d5b82e08 ;
fromusername : oOhiYjlxf8HKQM7msZFffWUaZZ_0 ;
createtime : 1452602089 ;
msgtype : event ;
latitude : 34.909870 ;
longitude : 112.762215 ;
precision : 150.000000 ;
location_x : 34.909870 ;
location_y : 112.762215 ;

2016-01-12 20:33:15 params :
------------
Array:
message : Array ;
module : default ;
rule : -1 ;

2016-01-12 20:33:15 response :
------------
Array:
errno : -1 ;
message : Invaild value ;

