2016-01-02 09:56:25 trace :
------------
Array:
from : oOhiYjrSWS2YdJtzBAPr2k_MGrGA ;
to : gh_c035d5b82e08 ;
time : 1451699852 ;
type : trace ;
event : LOCATION ;
tousername : gh_c035d5b82e08 ;
fromusername : oOhiYjrSWS2YdJtzBAPr2k_MGrGA ;
createtime : 1451699852 ;
msgtype : event ;
latitude : 34.805355 ;
longitude : 113.810081 ;
precision : 30.000000 ;
location_x : 34.805355 ;
location_y : 113.810081 ;

2016-01-02 09:56:25 params :
------------
Array:
message : Array ;
module : default ;
rule : -1 ;

2016-01-02 09:56:25 response :
------------
Array:
errno : -1 ;
message : Invaild value ;

2016-01-02 09:56:31 trace :
------------
Array:
from : oOhiYjrSWS2YdJtzBAPr2k_MGrGA ;
to : gh_c035d5b82e08 ;
time : 1451699858 ;
type : trace ;
event : LOCATION ;
tousername : gh_c035d5b82e08 ;
fromusername : oOhiYjrSWS2YdJtzBAPr2k_MGrGA ;
createtime : 1451699858 ;
msgtype : event ;
latitude : 34.803703 ;
longitude : 113.809898 ;
precision : 30.000000 ;
location_x : 34.803703 ;
location_y : 113.809898 ;

2016-01-02 09:56:31 params :
------------
Array:
message : Array ;
module : default ;
rule : -1 ;

2016-01-02 09:56:31 response :
------------
Array:
errno : -1 ;
message : Invaild value ;

2016-01-02 09:56:32 trace :
------------
Array:
from : oOhiYjrSWS2YdJtzBAPr2k_MGrGA ;
to : gh_c035d5b82e08 ;
time : 1451699860 ;
type : event ;
event : VIEW ;
tousername : gh_c035d5b82e08 ;
fromusername : oOhiYjrSWS2YdJtzBAPr2k_MGrGA ;
createtime : 1451699860 ;
msgtype : event ;
eventkey : http://market.hasxmy.com/we4/app/index.php?i=3&c=entry&eid=17 ;
menuid : 401095011 ;

2016-01-02 09:56:32 params :
------------
Array:
rule : -2 ;
module :  ;
message : Array ;

2016-01-02 09:56:32 response :
------------

2016-01-02 10:29:36 trace :
------------
Array:
from : oOhiYjr_JQc9yjJrZJqOEdbol-xc ;
to : gh_c035d5b82e08 ;
time : 1451701844 ;
type : event ;
event : subscribe ;
tousername : gh_c035d5b82e08 ;
fromusername : oOhiYjr_JQc9yjJrZJqOEdbol-xc ;
createtime : 1451701844 ;
msgtype : event ;
eventkey :  ;

2016-01-02 10:29:36 params :
------------
Array:
rule : -2 ;
module :  ;
message : Array ;

2016-01-02 10:29:36 response :
------------

2016-01-02 10:29:53 trace :
------------
Array:
from : oOhiYjr_JQc9yjJrZJqOEdbol-xc ;
to : gh_c035d5b82e08 ;
time : 1451701860 ;
type : trace ;
event : LOCATION ;
tousername : gh_c035d5b82e08 ;
fromusername : oOhiYjr_JQc9yjJrZJqOEdbol-xc ;
createtime : 1451701860 ;
msgtype : event ;
latitude : 35.207737 ;
longitude : 114.653206 ;
precision : 150.000000 ;
location_x : 35.207737 ;
location_y : 114.653206 ;

2016-01-02 10:29:53 params :
------------
Array:
message : Array ;
module : default ;
rule : -1 ;

2016-01-02 10:29:53 response :
------------
Array:
errno : -1 ;
message : Invaild value ;

2016-01-02 10:29:54 trace :
------------
Array:
from : oOhiYjr_JQc9yjJrZJqOEdbol-xc ;
to : gh_c035d5b82e08 ;
time : 1451701861 ;
type : event ;
event : VIEW ;
tousername : gh_c035d5b82e08 ;
fromusername : oOhiYjr_JQc9yjJrZJqOEdbol-xc ;
createtime : 1451701861 ;
msgtype : event ;
eventkey : http://market.hasxmy.com/we4/app/index.php?i=3&c=entry&eid=17 ;
menuid : 401095011 ;

2016-01-02 10:29:54 params :
------------
Array:
rule : -2 ;
module :  ;
message : Array ;

2016-01-02 10:29:54 response :
------------

2016-01-02 10:36:56 trace :
------------
Array:
from : oOhiYjr_JQc9yjJrZJqOEdbol-xc ;
to : gh_c035d5b82e08 ;
time : 1451702283 ;
type : trace ;
event : LOCATION ;
tousername : gh_c035d5b82e08 ;
fromusername : oOhiYjr_JQc9yjJrZJqOEdbol-xc ;
createtime : 1451702283 ;
msgtype : event ;
latitude : 35.207848 ;
longitude : 114.653168 ;
precision : 150.000000 ;
location_x : 35.207848 ;
location_y : 114.653168 ;

2016-01-02 10:36:56 params :
------------
Array:
message : Array ;
module : default ;
rule : -1 ;

2016-01-02 10:36:56 response :
------------
Array:
errno : -1 ;
message : Invaild value ;

2016-01-02 10:36:57 trace :
------------
Array:
from : oOhiYjr_JQc9yjJrZJqOEdbol-xc ;
to : gh_c035d5b82e08 ;
time : 1451702285 ;
type : event ;
event : VIEW ;
tousername : gh_c035d5b82e08 ;
fromusername : oOhiYjr_JQc9yjJrZJqOEdbol-xc ;
createtime : 1451702285 ;
msgtype : event ;
eventkey : http://market.hasxmy.com/we4/app/index.php?i=3&c=entry&eid=17 ;
menuid : 401095011 ;

2016-01-02 10:36:57 params :
------------
Array:
rule : -2 ;
module :  ;
message : Array ;

2016-01-02 10:36:57 response :
------------

2016-01-02 10:51:17 trace :
------------
Array:
from : oOhiYjmLjmlu5ivoNZkjxxzut2VI ;
to : gh_c035d5b82e08 ;
time : 1451703145 ;
type : trace ;
event : LOCATION ;
tousername : gh_c035d5b82e08 ;
fromusername : oOhiYjmLjmlu5ivoNZkjxxzut2VI ;
createtime : 1451703145 ;
msgtype : event ;
latitude : 35.214867 ;
longitude : 114.650467 ;
precision : 150.000000 ;
location_x : 35.214867 ;
location_y : 114.650467 ;

2016-01-02 10:51:17 params :
------------
Array:
message : Array ;
module : default ;
rule : -1 ;

2016-01-02 10:51:17 response :
------------
Array:
errno : -1 ;
message : Invaild value ;

2016-01-02 10:51:21 trace :
------------
Array:
from : oOhiYjmLjmlu5ivoNZkjxxzut2VI ;
to : gh_c035d5b82e08 ;
time : 1451703148 ;
type : event ;
event : VIEW ;
tousername : gh_c035d5b82e08 ;
fromusername : oOhiYjmLjmlu5ivoNZkjxxzut2VI ;
createtime : 1451703148 ;
msgtype : event ;
eventkey : http://market.hasxmy.com/we4/app/index.php?i=3&c=entry&eid=17 ;
menuid : 401095011 ;

2016-01-02 10:51:21 params :
------------
Array:
rule : -2 ;
module :  ;
message : Array ;

2016-01-02 10:51:21 response :
------------

2016-01-02 10:56:33 trace :
------------
Array:
from : oOhiYjmLjmlu5ivoNZkjxxzut2VI ;
to : gh_c035d5b82e08 ;
time : 1451703460 ;
type : trace ;
event : LOCATION ;
tousername : gh_c035d5b82e08 ;
fromusername : oOhiYjmLjmlu5ivoNZkjxxzut2VI ;
createtime : 1451703460 ;
msgtype : event ;
latitude : 35.207703 ;
longitude : 114.653305 ;
precision : 150.000000 ;
location_x : 35.207703 ;
location_y : 114.653305 ;

2016-01-02 10:56:33 params :
------------
Array:
message : Array ;
module : default ;
rule : -1 ;

2016-01-02 10:56:33 response :
------------
Array:
errno : -1 ;
message : Invaild value ;

2016-01-02 10:56:37 trace :
------------
Array:
from : oOhiYjmLjmlu5ivoNZkjxxzut2VI ;
to : gh_c035d5b82e08 ;
time : 1451703464 ;
type : event ;
event : CLICK ;
tousername : gh_c035d5b82e08 ;
fromusername : oOhiYjmLjmlu5ivoNZkjxxzut2VI ;
createtime : 1451703464 ;
msgtype : event ;
eventkey : 模版 ;

2016-01-02 10:56:37 params :
------------
Array:
rule : -2 ;
module :  ;
message : Array ;

2016-01-02 10:56:37 response :
------------

2016-01-02 11:13:49 trace :
------------
Array:
from : oOhiYjmLjmlu5ivoNZkjxxzut2VI ;
to : gh_c035d5b82e08 ;
time : 1451704497 ;
type : trace ;
event : LOCATION ;
tousername : gh_c035d5b82e08 ;
fromusername : oOhiYjmLjmlu5ivoNZkjxxzut2VI ;
createtime : 1451704497 ;
msgtype : event ;
latitude : 35.207752 ;
longitude : 114.653328 ;
precision : 150.000000 ;
location_x : 35.207752 ;
location_y : 114.653328 ;

2016-01-02 11:13:49 params :
------------
Array:
message : Array ;
module : default ;
rule : -1 ;

2016-01-02 11:13:49 response :
------------
Array:
errno : -1 ;
message : Invaild value ;

2016-01-02 11:13:52 trace :
------------
Array:
from : oOhiYjmLjmlu5ivoNZkjxxzut2VI ;
to : gh_c035d5b82e08 ;
time : 1451704500 ;
type : event ;
event : VIEW ;
tousername : gh_c035d5b82e08 ;
fromusername : oOhiYjmLjmlu5ivoNZkjxxzut2VI ;
createtime : 1451704500 ;
msgtype : event ;
eventkey : http://market.hasxmy.com/we4/app/index.php?i=3&c=entry&eid=17 ;
menuid : 401095011 ;

2016-01-02 11:13:52 params :
------------
Array:
rule : -2 ;
module :  ;
message : Array ;

2016-01-02 11:13:52 response :
------------

2016-01-02 11:15:09 trace :
------------
Array:
from : oOhiYjr_JQc9yjJrZJqOEdbol-xc ;
to : gh_c035d5b82e08 ;
time : 1451704577 ;
type : trace ;
event : LOCATION ;
tousername : gh_c035d5b82e08 ;
fromusername : oOhiYjr_JQc9yjJrZJqOEdbol-xc ;
createtime : 1451704577 ;
msgtype : event ;
latitude : 35.207779 ;
longitude : 114.653275 ;
precision : 150.000000 ;
location_x : 35.207779 ;
location_y : 114.653275 ;

2016-01-02 11:15:09 params :
------------
Array:
message : Array ;
module : default ;
rule : -1 ;

2016-01-02 11:15:09 response :
------------
Array:
errno : -1 ;
message : Invaild value ;

2016-01-02 11:15:10 trace :
------------
Array:
from : oOhiYjr_JQc9yjJrZJqOEdbol-xc ;
to : gh_c035d5b82e08 ;
time : 1451704578 ;
type : event ;
event : VIEW ;
tousername : gh_c035d5b82e08 ;
fromusername : oOhiYjr_JQc9yjJrZJqOEdbol-xc ;
createtime : 1451704578 ;
msgtype : event ;
eventkey : http://market.hasxmy.com/we4/app/index.php?i=3&c=entry&eid=17 ;
menuid : 401095011 ;

2016-01-02 11:15:10 params :
------------
Array:
rule : -2 ;
module :  ;
message : Array ;

2016-01-02 11:15:10 response :
------------

2016-01-02 11:15:41 trace :
------------
Array:
from : oOhiYjr_JQc9yjJrZJqOEdbol-xc ;
to : gh_c035d5b82e08 ;
time : 1451704609 ;
type : trace ;
event : LOCATION ;
tousername : gh_c035d5b82e08 ;
fromusername : oOhiYjr_JQc9yjJrZJqOEdbol-xc ;
createtime : 1451704609 ;
msgtype : event ;
latitude : 35.207779 ;
longitude : 114.653275 ;
precision : 150.000000 ;
location_x : 35.207779 ;
location_y : 114.653275 ;

2016-01-02 11:15:41 params :
------------
Array:
message : Array ;
module : default ;
rule : -1 ;

2016-01-02 11:15:41 response :
------------
Array:
errno : -1 ;
message : Invaild value ;

2016-01-02 11:15:43 trace :
------------
Array:
from : oOhiYjr_JQc9yjJrZJqOEdbol-xc ;
to : gh_c035d5b82e08 ;
time : 1451704611 ;
type : event ;
event : VIEW ;
tousername : gh_c035d5b82e08 ;
fromusername : oOhiYjr_JQc9yjJrZJqOEdbol-xc ;
createtime : 1451704611 ;
msgtype : event ;
eventkey : http://market.hasxmy.com/we4/app/index.php?i=3&c=entry&eid=17 ;
menuid : 401095011 ;

2016-01-02 11:15:43 params :
------------
Array:
rule : -2 ;
module :  ;
message : Array ;

2016-01-02 11:15:43 response :
------------

2016-01-02 15:01:55 trace :
------------
Array:
from : oOhiYjhG2UOX21Nj1G-X3SS5t2UM ;
to : gh_c035d5b82e08 ;
time : 1451718183 ;
type : trace ;
event : LOCATION ;
tousername : gh_c035d5b82e08 ;
fromusername : oOhiYjhG2UOX21Nj1G-X3SS5t2UM ;
createtime : 1451718183 ;
msgtype : event ;
latitude : 33.937721 ;
longitude : 116.186378 ;
precision : 1351.000000 ;
location_x : 33.937721 ;
location_y : 116.186378 ;

2016-01-02 15:01:55 params :
------------
Array:
message : Array ;
module : default ;
rule : -1 ;

2016-01-02 15:01:55 response :
------------
Array:
errno : -1 ;
message : Invaild value ;

2016-01-02 15:02:00 trace :
------------
Array:
from : oOhiYjhG2UOX21Nj1G-X3SS5t2UM ;
to : gh_c035d5b82e08 ;
time : 1451718188 ;
type : trace ;
event : LOCATION ;
tousername : gh_c035d5b82e08 ;
fromusername : oOhiYjhG2UOX21Nj1G-X3SS5t2UM ;
createtime : 1451718188 ;
msgtype : event ;
latitude : 33.937721 ;
longitude : 116.186378 ;
precision : 1351.000000 ;
location_x : 33.937721 ;
location_y : 116.186378 ;

2016-01-02 15:02:00 params :
------------
Array:
message : Array ;
module : default ;
rule : -1 ;

2016-01-02 15:02:00 response :
------------
Array:
errno : -1 ;
message : Invaild value ;

2016-01-02 15:02:06 trace :
------------
Array:
from : oOhiYjhG2UOX21Nj1G-X3SS5t2UM ;
to : gh_c035d5b82e08 ;
time : 1451718194 ;
type : trace ;
event : LOCATION ;
tousername : gh_c035d5b82e08 ;
fromusername : oOhiYjhG2UOX21Nj1G-X3SS5t2UM ;
createtime : 1451718194 ;
msgtype : event ;
latitude : 33.937721 ;
longitude : 116.186378 ;
precision : 1351.000000 ;
location_x : 33.937721 ;
location_y : 116.186378 ;

2016-01-02 15:02:06 params :
------------
Array:
message : Array ;
module : default ;
rule : -1 ;

2016-01-02 15:02:06 response :
------------
Array:
errno : -1 ;
message : Invaild value ;

2016-01-02 15:02:12 trace :
------------
Array:
from : oOhiYjhG2UOX21Nj1G-X3SS5t2UM ;
to : gh_c035d5b82e08 ;
time : 1451718200 ;
type : trace ;
event : LOCATION ;
tousername : gh_c035d5b82e08 ;
fromusername : oOhiYjhG2UOX21Nj1G-X3SS5t2UM ;
createtime : 1451718200 ;
msgtype : event ;
latitude : 33.937721 ;
longitude : 116.186378 ;
precision : 1351.000000 ;
location_x : 33.937721 ;
location_y : 116.186378 ;

2016-01-02 15:02:12 params :
------------
Array:
message : Array ;
module : default ;
rule : -1 ;

2016-01-02 15:02:12 response :
------------
Array:
errno : -1 ;
message : Invaild value ;

2016-01-02 15:02:18 trace :
------------
Array:
from : oOhiYjhG2UOX21Nj1G-X3SS5t2UM ;
to : gh_c035d5b82e08 ;
time : 1451718206 ;
type : trace ;
event : LOCATION ;
tousername : gh_c035d5b82e08 ;
fromusername : oOhiYjhG2UOX21Nj1G-X3SS5t2UM ;
createtime : 1451718206 ;
msgtype : event ;
latitude : 33.937721 ;
longitude : 116.186378 ;
precision : 1351.000000 ;
location_x : 33.937721 ;
location_y : 116.186378 ;

2016-01-02 15:02:18 params :
------------
Array:
message : Array ;
module : default ;
rule : -1 ;

2016-01-02 15:02:18 response :
------------
Array:
errno : -1 ;
message : Invaild value ;

2016-01-02 15:02:32 trace :
------------
Array:
from : oOhiYjhG2UOX21Nj1G-X3SS5t2UM ;
to : gh_c035d5b82e08 ;
time : 1451718220 ;
type : trace ;
event : LOCATION ;
tousername : gh_c035d5b82e08 ;
fromusername : oOhiYjhG2UOX21Nj1G-X3SS5t2UM ;
createtime : 1451718220 ;
msgtype : event ;
latitude : 33.937721 ;
longitude : 116.186378 ;
precision : 1351.000000 ;
location_x : 33.937721 ;
location_y : 116.186378 ;

2016-01-02 15:02:32 params :
------------
Array:
message : Array ;
module : default ;
rule : -1 ;

2016-01-02 15:02:32 response :
------------
Array:
errno : -1 ;
message : Invaild value ;

2016-01-02 15:02:36 trace :
------------
Array:
from : oOhiYjhG2UOX21Nj1G-X3SS5t2UM ;
to : gh_c035d5b82e08 ;
time : 1451718224 ;
type : trace ;
event : LOCATION ;
tousername : gh_c035d5b82e08 ;
fromusername : oOhiYjhG2UOX21Nj1G-X3SS5t2UM ;
createtime : 1451718224 ;
msgtype : event ;
latitude : 33.937721 ;
longitude : 116.186378 ;
precision : 1351.000000 ;
location_x : 33.937721 ;
location_y : 116.186378 ;

2016-01-02 15:02:36 params :
------------
Array:
message : Array ;
module : default ;
rule : -1 ;

2016-01-02 15:02:36 response :
------------
Array:
errno : -1 ;
message : Invaild value ;

2016-01-02 16:09:43 trace :
------------
Array:
from : oOhiYjr_JQc9yjJrZJqOEdbol-xc ;
to : gh_c035d5b82e08 ;
time : 1451722251 ;
type : trace ;
event : LOCATION ;
tousername : gh_c035d5b82e08 ;
fromusername : oOhiYjr_JQc9yjJrZJqOEdbol-xc ;
createtime : 1451722251 ;
msgtype : event ;
latitude : 35.208138 ;
longitude : 114.653282 ;
precision : 150.000000 ;
location_x : 35.208138 ;
location_y : 114.653282 ;

2016-01-02 16:09:43 params :
------------
Array:
message : Array ;
module : default ;
rule : -1 ;

2016-01-02 16:09:43 response :
------------
Array:
errno : -1 ;
message : Invaild value ;

2016-01-02 16:09:49 trace :
------------
Array:
from : oOhiYjr_JQc9yjJrZJqOEdbol-xc ;
to : gh_c035d5b82e08 ;
time : 1451722257 ;
type : trace ;
event : LOCATION ;
tousername : gh_c035d5b82e08 ;
fromusername : oOhiYjr_JQc9yjJrZJqOEdbol-xc ;
createtime : 1451722257 ;
msgtype : event ;
latitude : 35.208138 ;
longitude : 114.653282 ;
precision : 150.000000 ;
location_x : 35.208138 ;
location_y : 114.653282 ;

2016-01-02 16:09:49 params :
------------
Array:
message : Array ;
module : default ;
rule : -1 ;

2016-01-02 16:09:49 response :
------------
Array:
errno : -1 ;
message : Invaild value ;

2016-01-02 16:09:55 trace :
------------
Array:
from : oOhiYjr_JQc9yjJrZJqOEdbol-xc ;
to : gh_c035d5b82e08 ;
time : 1451722263 ;
type : trace ;
event : LOCATION ;
tousername : gh_c035d5b82e08 ;
fromusername : oOhiYjr_JQc9yjJrZJqOEdbol-xc ;
createtime : 1451722263 ;
msgtype : event ;
latitude : 35.208138 ;
longitude : 114.653282 ;
precision : 150.000000 ;
location_x : 35.208138 ;
location_y : 114.653282 ;

2016-01-02 16:09:55 params :
------------
Array:
message : Array ;
module : default ;
rule : -1 ;

2016-01-02 16:09:55 response :
------------
Array:
errno : -1 ;
message : Invaild value ;

2016-01-02 16:09:57 trace :
------------
Array:
from : oOhiYjr_JQc9yjJrZJqOEdbol-xc ;
to : gh_c035d5b82e08 ;
time : 1451722266 ;
type : event ;
event : VIEW ;
tousername : gh_c035d5b82e08 ;
fromusername : oOhiYjr_JQc9yjJrZJqOEdbol-xc ;
createtime : 1451722266 ;
msgtype : event ;
eventkey : http://market.hasxmy.com/we4/app/index.php?i=3&c=entry&eid=17 ;
menuid : 401095011 ;

2016-01-02 16:09:57 params :
------------
Array:
rule : -2 ;
module :  ;
message : Array ;

2016-01-02 16:09:57 response :
------------

2016-01-02 16:16:01 trace :
------------
Array:
from : oOhiYjr_JQc9yjJrZJqOEdbol-xc ;
to : gh_c035d5b82e08 ;
time : 1451722629 ;
type : trace ;
event : LOCATION ;
tousername : gh_c035d5b82e08 ;
fromusername : oOhiYjr_JQc9yjJrZJqOEdbol-xc ;
createtime : 1451722629 ;
msgtype : event ;
latitude : 35.207474 ;
longitude : 114.655708 ;
precision : 150.000000 ;
location_x : 35.207474 ;
location_y : 114.655708 ;

2016-01-02 16:16:01 params :
------------
Array:
message : Array ;
module : default ;
rule : -1 ;

2016-01-02 16:16:01 response :
------------
Array:
errno : -1 ;
message : Invaild value ;

2016-01-02 16:30:22 trace :
------------
Array:
from : oOhiYjr_JQc9yjJrZJqOEdbol-xc ;
to : gh_c035d5b82e08 ;
time : 1451723490 ;
type : trace ;
event : LOCATION ;
tousername : gh_c035d5b82e08 ;
fromusername : oOhiYjr_JQc9yjJrZJqOEdbol-xc ;
createtime : 1451723490 ;
msgtype : event ;
latitude : 35.213593 ;
longitude : 114.667221 ;
precision : 150.000000 ;
location_x : 35.213593 ;
location_y : 114.667221 ;

2016-01-02 16:30:22 params :
------------
Array:
message : Array ;
module : default ;
rule : -1 ;

2016-01-02 16:30:22 response :
------------
Array:
errno : -1 ;
message : Invaild value ;

2016-01-02 16:30:26 trace :
------------
Array:
from : oOhiYjr_JQc9yjJrZJqOEdbol-xc ;
to : gh_c035d5b82e08 ;
time : 1451723494 ;
type : event ;
event : VIEW ;
tousername : gh_c035d5b82e08 ;
fromusername : oOhiYjr_JQc9yjJrZJqOEdbol-xc ;
createtime : 1451723494 ;
msgtype : event ;
eventkey : http://market.hasxmy.com/we4/app/index.php?i=3&c=entry&eid=17 ;
menuid : 401095011 ;

2016-01-02 16:30:26 params :
------------
Array:
rule : -2 ;
module :  ;
message : Array ;

2016-01-02 16:30:26 response :
------------

2016-01-02 16:30:56 trace :
------------
Array:
from : oOhiYjr_JQc9yjJrZJqOEdbol-xc ;
to : gh_c035d5b82e08 ;
time : 1451723524 ;
type : trace ;
event : LOCATION ;
tousername : gh_c035d5b82e08 ;
fromusername : oOhiYjr_JQc9yjJrZJqOEdbol-xc ;
createtime : 1451723524 ;
msgtype : event ;
latitude : 35.213593 ;
longitude : 114.667221 ;
precision : 150.000000 ;
location_x : 35.213593 ;
location_y : 114.667221 ;

2016-01-02 16:30:56 params :
------------
Array:
message : Array ;
module : default ;
rule : -1 ;

2016-01-02 16:30:56 response :
------------
Array:
errno : -1 ;
message : Invaild value ;

2016-01-02 16:30:57 trace :
------------
Array:
from : oOhiYjr_JQc9yjJrZJqOEdbol-xc ;
to : gh_c035d5b82e08 ;
time : 1451723525 ;
type : trace ;
event : LOCATION ;
tousername : gh_c035d5b82e08 ;
fromusername : oOhiYjr_JQc9yjJrZJqOEdbol-xc ;
createtime : 1451723525 ;
msgtype : event ;
latitude : 35.213593 ;
longitude : 114.667221 ;
precision : 150.000000 ;
location_x : 35.213593 ;
location_y : 114.667221 ;

2016-01-02 16:30:57 params :
------------
Array:
message : Array ;
module : default ;
rule : -1 ;

2016-01-02 16:30:57 response :
------------
Array:
errno : -1 ;
message : Invaild value ;

2016-01-02 16:30:57 trace :
------------
Array:
from : oOhiYjr_JQc9yjJrZJqOEdbol-xc ;
to : gh_c035d5b82e08 ;
time : 1451723525 ;
type : event ;
event : VIEW ;
tousername : gh_c035d5b82e08 ;
fromusername : oOhiYjr_JQc9yjJrZJqOEdbol-xc ;
createtime : 1451723525 ;
msgtype : event ;
eventkey : http://market.hasxmy.com/we4/app/index.php?i=3&c=entry&eid=17 ;
menuid : 401095011 ;

2016-01-02 16:30:57 params :
------------
Array:
rule : -2 ;
module :  ;
message : Array ;

2016-01-02 16:30:57 response :
------------

2016-01-02 16:31:04 trace :
------------
Array:
from : oOhiYjr_JQc9yjJrZJqOEdbol-xc ;
to : gh_c035d5b82e08 ;
time : 1451723532 ;
type : trace ;
event : LOCATION ;
tousername : gh_c035d5b82e08 ;
fromusername : oOhiYjr_JQc9yjJrZJqOEdbol-xc ;
createtime : 1451723532 ;
msgtype : event ;
latitude : 35.213680 ;
longitude : 114.667229 ;
precision : 150.000000 ;
location_x : 35.213680 ;
location_y : 114.667229 ;

2016-01-02 16:31:04 params :
------------
Array:
message : Array ;
module : default ;
rule : -1 ;

2016-01-02 16:31:04 response :
------------
Array:
errno : -1 ;
message : Invaild value ;

2016-01-02 16:31:10 trace :
------------
Array:
from : oOhiYjr_JQc9yjJrZJqOEdbol-xc ;
to : gh_c035d5b82e08 ;
time : 1451723538 ;
type : trace ;
event : LOCATION ;
tousername : gh_c035d5b82e08 ;
fromusername : oOhiYjr_JQc9yjJrZJqOEdbol-xc ;
createtime : 1451723538 ;
msgtype : event ;
latitude : 35.213680 ;
longitude : 114.667229 ;
precision : 150.000000 ;
location_x : 35.213680 ;
location_y : 114.667229 ;

2016-01-02 16:31:10 params :
------------
Array:
message : Array ;
module : default ;
rule : -1 ;

2016-01-02 16:31:10 response :
------------
Array:
errno : -1 ;
message : Invaild value ;

2016-01-02 16:31:16 trace :
------------
Array:
from : oOhiYjr_JQc9yjJrZJqOEdbol-xc ;
to : gh_c035d5b82e08 ;
time : 1451723544 ;
type : trace ;
event : LOCATION ;
tousername : gh_c035d5b82e08 ;
fromusername : oOhiYjr_JQc9yjJrZJqOEdbol-xc ;
createtime : 1451723544 ;
msgtype : event ;
latitude : 35.213680 ;
longitude : 114.667229 ;
precision : 150.000000 ;
location_x : 35.213680 ;
location_y : 114.667229 ;

2016-01-02 16:31:16 params :
------------
Array:
message : Array ;
module : default ;
rule : -1 ;

2016-01-02 16:31:16 response :
------------
Array:
errno : -1 ;
message : Invaild value ;

2016-01-02 16:31:17 trace :
------------
Array:
from : oOhiYjr_JQc9yjJrZJqOEdbol-xc ;
to : gh_c035d5b82e08 ;
time : 1451723545 ;
type : event ;
event : VIEW ;
tousername : gh_c035d5b82e08 ;
fromusername : oOhiYjr_JQc9yjJrZJqOEdbol-xc ;
createtime : 1451723545 ;
msgtype : event ;
eventkey : http://market.hasxmy.com/we4/app/index.php?i=3&c=entry&eid=17 ;
menuid : 401095011 ;

2016-01-02 16:31:17 params :
------------
Array:
rule : -2 ;
module :  ;
message : Array ;

2016-01-02 16:31:17 response :
------------

2016-01-02 16:43:14 trace :
------------
Array:
from : oOhiYjjaf2D3gutDFCxBpBhwc5uM ;
to : gh_c035d5b82e08 ;
time : 1451724253 ;
type : event ;
event : subscribe ;
tousername : gh_c035d5b82e08 ;
fromusername : oOhiYjjaf2D3gutDFCxBpBhwc5uM ;
createtime : 1451724253 ;
msgtype : event ;
eventkey :  ;

2016-01-02 16:43:14 params :
------------
Array:
rule : -2 ;
module :  ;
message : Array ;

2016-01-02 16:43:14 response :
------------

2016-01-02 16:56:58 trace :
------------
Array:
from : oOhiYjmLjmlu5ivoNZkjxxzut2VI ;
to : gh_c035d5b82e08 ;
time : 1451725076 ;
type : trace ;
event : LOCATION ;
tousername : gh_c035d5b82e08 ;
fromusername : oOhiYjmLjmlu5ivoNZkjxxzut2VI ;
createtime : 1451725076 ;
msgtype : event ;
latitude : 35.189320 ;
longitude : 114.650787 ;
precision : 150.000000 ;
location_x : 35.189320 ;
location_y : 114.650787 ;

2016-01-02 16:56:58 params :
------------
Array:
message : Array ;
module : default ;
rule : -1 ;

2016-01-02 16:56:58 response :
------------
Array:
errno : -1 ;
message : Invaild value ;

2016-01-02 16:56:59 trace :
------------
Array:
from : oOhiYjmLjmlu5ivoNZkjxxzut2VI ;
to : gh_c035d5b82e08 ;
time : 1451725077 ;
type : event ;
event : VIEW ;
tousername : gh_c035d5b82e08 ;
fromusername : oOhiYjmLjmlu5ivoNZkjxxzut2VI ;
createtime : 1451725077 ;
msgtype : event ;
eventkey : http://market.hasxmy.com/we4/app/index.php?i=3&c=entry&eid=17 ;
menuid : 401095011 ;

2016-01-02 16:56:59 params :
------------
Array:
rule : -2 ;
module :  ;
message : Array ;

2016-01-02 16:56:59 response :
------------

2016-01-02 16:57:11 trace :
------------
Array:
from : oOhiYjrSWS2YdJtzBAPr2k_MGrGA ;
to : gh_c035d5b82e08 ;
time : 1451725099 ;
type : event ;
event : CLICK ;
tousername : gh_c035d5b82e08 ;
fromusername : oOhiYjrSWS2YdJtzBAPr2k_MGrGA ;
createtime : 1451725099 ;
msgtype : event ;
eventkey : 模版 ;

2016-01-02 16:57:11 params :
------------
Array:
rule : -2 ;
module :  ;
message : Array ;

2016-01-02 16:57:11 response :
------------

2016-01-02 16:57:13 trace :
------------
Array:
from : oOhiYjrSWS2YdJtzBAPr2k_MGrGA ;
to : gh_c035d5b82e08 ;
time : 1451725102 ;
type : event ;
event : CLICK ;
tousername : gh_c035d5b82e08 ;
fromusername : oOhiYjrSWS2YdJtzBAPr2k_MGrGA ;
createtime : 1451725102 ;
msgtype : event ;
eventkey : 模版 ;

2016-01-02 16:57:13 params :
------------
Array:
rule : -2 ;
module :  ;
message : Array ;

2016-01-02 16:57:13 response :
------------

2016-01-02 17:15:47 trace :
------------
Array:
from : oOhiYjjaf2D3gutDFCxBpBhwc5uM ;
to : gh_c035d5b82e08 ;
time : 1451726205 ;
type : event ;
event : VIEW ;
tousername : gh_c035d5b82e08 ;
fromusername : oOhiYjjaf2D3gutDFCxBpBhwc5uM ;
createtime : 1451726205 ;
msgtype : event ;
eventkey : http://market.hasxmy.com/we4/app/index.php?i=3&c=entry&eid=17 ;
menuid : 401095011 ;

2016-01-02 17:15:47 params :
------------
Array:
rule : -2 ;
module :  ;
message : Array ;

2016-01-02 17:15:47 response :
------------

2016-01-02 18:55:05 trace :
------------
Array:
from : oOhiYjrSWS2YdJtzBAPr2k_MGrGA ;
to : gh_c035d5b82e08 ;
time : 1451732174 ;
type : trace ;
event : LOCATION ;
tousername : gh_c035d5b82e08 ;
fromusername : oOhiYjrSWS2YdJtzBAPr2k_MGrGA ;
createtime : 1451732174 ;
msgtype : event ;
latitude : 34.807552 ;
longitude : 113.810364 ;
precision : 150.000000 ;
location_x : 34.807552 ;
location_y : 113.810364 ;

2016-01-02 18:55:05 params :
------------
Array:
message : Array ;
module : default ;
rule : -1 ;

2016-01-02 18:55:05 response :
------------
Array:
errno : -1 ;
message : Invaild value ;

2016-01-02 18:55:05 trace :
------------
Array:
from : oOhiYjrSWS2YdJtzBAPr2k_MGrGA ;
to : gh_c035d5b82e08 ;
time : 1451732174 ;
type : event ;
event : VIEW ;
tousername : gh_c035d5b82e08 ;
fromusername : oOhiYjrSWS2YdJtzBAPr2k_MGrGA ;
createtime : 1451732174 ;
msgtype : event ;
eventkey : http://market.hasxmy.com/we4/app/index.php?i=3&c=entry&eid=17 ;
menuid : 401095011 ;

2016-01-02 18:55:05 params :
------------
Array:
rule : -2 ;
module :  ;
message : Array ;

2016-01-02 18:55:05 response :
------------

2016-01-02 19:01:51 trace :
------------
Array:
from : oOhiYjqSVcRugkxulPqy7BIaLKg4 ;
to : gh_c035d5b82e08 ;
time : 1451732579 ;
type : event ;
event : subscribe ;
tousername : gh_c035d5b82e08 ;
fromusername : oOhiYjqSVcRugkxulPqy7BIaLKg4 ;
createtime : 1451732579 ;
msgtype : event ;
eventkey :  ;

2016-01-02 19:01:51 params :
------------
Array:
rule : -2 ;
module :  ;
message : Array ;

2016-01-02 19:01:51 response :
------------

2016-01-02 19:02:19 trace :
------------
Array:
from : oOhiYjqSVcRugkxulPqy7BIaLKg4 ;
to : gh_c035d5b82e08 ;
time : 1451732608 ;
type : event ;
event : VIEW ;
tousername : gh_c035d5b82e08 ;
fromusername : oOhiYjqSVcRugkxulPqy7BIaLKg4 ;
createtime : 1451732608 ;
msgtype : event ;
eventkey : http://market.hasxmy.com/we4/app/index.php?i=3&c=entry&eid=17 ;
menuid : 401095011 ;

2016-01-02 19:02:19 params :
------------
Array:
rule : -2 ;
module :  ;
message : Array ;

2016-01-02 19:02:19 response :
------------

2016-01-02 19:58:24 trace :
------------
Array:
from : oOhiYjqSVcRugkxulPqy7BIaLKg4 ;
to : gh_c035d5b82e08 ;
time : 1451735972 ;
type : event ;
event : VIEW ;
tousername : gh_c035d5b82e08 ;
fromusername : oOhiYjqSVcRugkxulPqy7BIaLKg4 ;
createtime : 1451735972 ;
msgtype : event ;
eventkey : http://market.hasxmy.com/we4/app/index.php?i=3&c=entry&eid=17 ;
menuid : 401145753 ;

2016-01-02 19:58:24 params :
------------
Array:
rule : -2 ;
module :  ;
message : Array ;

2016-01-02 19:58:24 response :
------------

2016-01-02 20:03:11 trace :
------------
Array:
from : oOhiYjqSVcRugkxulPqy7BIaLKg4 ;
to : gh_c035d5b82e08 ;
time : 1451736260 ;
type : event ;
event : VIEW ;
tousername : gh_c035d5b82e08 ;
fromusername : oOhiYjqSVcRugkxulPqy7BIaLKg4 ;
createtime : 1451736260 ;
msgtype : event ;
eventkey : http://market.hasxmy.com/we4/app/index.php?i=3&c=entry&eid=17 ;
menuid : 401145753 ;

2016-01-02 20:03:11 params :
------------
Array:
rule : -2 ;
module :  ;
message : Array ;

2016-01-02 20:03:11 response :
------------

2016-01-02 20:03:15 trace :
------------
Array:
from : oOhiYjqSVcRugkxulPqy7BIaLKg4 ;
to : gh_c035d5b82e08 ;
time : 1451736264 ;
type : event ;
event : CLICK ;
tousername : gh_c035d5b82e08 ;
fromusername : oOhiYjqSVcRugkxulPqy7BIaLKg4 ;
createtime : 1451736264 ;
msgtype : event ;
eventkey : 模版 ;

2016-01-02 20:03:15 params :
------------
Array:
rule : -2 ;
module :  ;
message : Array ;

2016-01-02 20:03:15 response :
------------

2016-01-02 20:03:20 trace :
------------
Array:
from : oOhiYjqSVcRugkxulPqy7BIaLKg4 ;
to : gh_c035d5b82e08 ;
time : 1451736268 ;
type : event ;
event : VIEW ;
tousername : gh_c035d5b82e08 ;
fromusername : oOhiYjqSVcRugkxulPqy7BIaLKg4 ;
createtime : 1451736268 ;
msgtype : event ;
eventkey : http://market.hasxmy.com/we4/app/index.php?i=2&c=entry&eid=17 ;
menuid : 401145753 ;

2016-01-02 20:03:20 params :
------------
Array:
rule : -2 ;
module :  ;
message : Array ;

2016-01-02 20:03:20 response :
------------

2016-01-02 20:03:31 trace :
------------
Array:
from : oOhiYjqSVcRugkxulPqy7BIaLKg4 ;
to : gh_c035d5b82e08 ;
time : 1451736280 ;
type : text ;
event :  ;
tousername : gh_c035d5b82e08 ;
fromusername : oOhiYjqSVcRugkxulPqy7BIaLKg4 ;
createtime : 1451736280 ;
msgtype : text ;
content : 哦哦 ;
msgid : 6235159845417844848 ;
redirection :  ;
source :  ;

2016-01-02 20:03:31 params :
------------
Array:
rule : -2 ;
module :  ;
message : Array ;

2016-01-02 20:03:31 response :
------------

